{
  "stats": {
    "suites": 2,
    "tests": 13,
    "passes": 5,
    "pending": 0,
    "failures": 8,
    "start": "2017-09-19T15:12:39.452Z",
    "end": "2017-09-19T15:15:39.059Z",
    "duration": 179607,
    "testsRegistered": 13,
    "passPercent": 38.5,
    "pendingPercent": 0,
    "other": 0,
    "hasOther": false,
    "skipped": 0,
    "hasSkipped": false,
    "passPercentClass": "danger",
    "pendingPercentClass": "danger"
  },
  "suites": {
    "title": "",
    "suites": [
      {
        "title": "hooks",
        "suites": [
          {
            "title": "用户登录发布话题并回复",
            "suites": [],
            "tests": [
              {
                "title": "导航到登录页面",
                "fullTitle": "hooks 用户登录发布话题并回复 导航到登录页面",
                "timedOut": true,
                "duration": 60004,
                "state": "failed",
                "pass": false,
                "fail": true,
                "pending": false,
                "code": "async function () {\n            await web.get(\"http://192.168.198.129:3000\")",
                "err": {
                  "message": "Error: Timeout of 60000ms exceeded. For async tests and hooks, ensure \"done()\" is called; if returning a Promise, ensure it resolves.",
                  "estack": "Error: Timeout of 60000ms exceeded. For async tests and hooks, ensure \"done()\" is called; if returning a Promise, ensure it resolves."
                },
                "isRoot": false,
                "uuid": "c5a5c5f9-a9d2-47b9-9dea-ee8e8d0cf128",
                "parentUUID": "b72c4564-552b-414d-a559-f4094518c223",
                "isHook": false,
                "skipped": false
              },
              {
                "title": "最大化窗口",
                "fullTitle": "hooks 用户登录发布话题并回复 最大化窗口",
                "timedOut": false,
                "duration": 111,
                "state": "passed",
                "speed": "slow",
                "pass": true,
                "fail": false,
                "pending": false,
                "code": "async function () {\n           await web.manage().window().maximize()",
                "err": {},
                "isRoot": false,
                "uuid": "9560bc91-6982-437f-a9bd-229d43549e7f",
                "parentUUID": "b72c4564-552b-414d-a559-f4094518c223",
                "isHook": false,
                "skipped": false
              },
              {
                "title": "点击注册按钮",
                "fullTitle": "hooks 用户登录发布话题并回复 点击注册按钮",
                "timedOut": false,
                "duration": 425,
                "state": "passed",
                "speed": "slow",
                "pass": true,
                "fail": false,
                "pending": false,
                "code": "async function () {\n            await web.findElement(by.xpath('/html/body/div[1]/div/div/ul/li[5]/a')).click();\n            // await web.findElement(by.css('body > div.navbar > div > div > ul > li:nth-child(5) > a')).click()  // 注册按钮",
                "err": {},
                "isRoot": false,
                "uuid": "3d14e7d7-be46-4bae-98c3-a3aa65373a6b",
                "parentUUID": "b72c4564-552b-414d-a559-f4094518c223",
                "isHook": false,
                "skipped": false
              },
              {
                "title": "进入登录界面",
                "fullTitle": "hooks 用户登录发布话题并回复 进入登录界面",
                "timedOut": false,
                "duration": 248,
                "state": "passed",
                "speed": "slow",
                "pass": true,
                "fail": false,
                "pending": false,
                "code": "async function () {\n            await web.findElement(by.css('body > div.navbar > div > div > ul > li:nth-child(6) > a')).click()",
                "err": {},
                "isRoot": false,
                "uuid": "31319f4f-30c6-4b09-9047-a526c60f968e",
                "parentUUID": "b72c4564-552b-414d-a559-f4094518c223",
                "isHook": false,
                "skipped": false
              },
              {
                "title": "输入账号",
                "fullTitle": "hooks 用户登录发布话题并回复 输入账号",
                "timedOut": false,
                "duration": 104,
                "state": "passed",
                "speed": "slow",
                "pass": true,
                "fail": false,
                "pending": false,
                "code": "async function () {\n            await web.findElement(by.id('name')).sendKeys('xufeng')",
                "err": {},
                "isRoot": false,
                "uuid": "315fac2c-06c2-4abb-afd9-914de3180312",
                "parentUUID": "b72c4564-552b-414d-a559-f4094518c223",
                "isHook": false,
                "skipped": false
              },
              {
                "title": "输入密码",
                "fullTitle": "hooks 用户登录发布话题并回复 输入密码",
                "timedOut": false,
                "duration": 123,
                "state": "passed",
                "speed": "slow",
                "pass": true,
                "fail": false,
                "pending": false,
                "code": "async function () {\n            await web.findElement(by.id('pass')).sendKeys('xf13451082032')",
                "err": {},
                "isRoot": false,
                "uuid": "f7931f6f-6254-4fe0-b2e6-600f4a6f16c5",
                "parentUUID": "b72c4564-552b-414d-a559-f4094518c223",
                "isHook": false,
                "skipped": false
              },
              {
                "title": "点击登录",
                "fullTitle": "hooks 用户登录发布话题并回复 点击登录",
                "timedOut": true,
                "duration": 60003,
                "state": "failed",
                "pass": false,
                "fail": true,
                "pending": false,
                "code": "async function () {\n            await web.findElement(by.id('pass')).submit();",
                "err": {
                  "message": "Error: Timeout of 60000ms exceeded. For async tests and hooks, ensure \"done()\" is called; if returning a Promise, ensure it resolves.",
                  "estack": "Error: Timeout of 60000ms exceeded. For async tests and hooks, ensure \"done()\" is called; if returning a Promise, ensure it resolves."
                },
                "isRoot": false,
                "uuid": "9c1ee210-fa3f-46e6-bf1d-a1b4443bb787",
                "parentUUID": "b72c4564-552b-414d-a559-f4094518c223",
                "isHook": false,
                "skipped": false
              },
              {
                "title": "点击发布话题进入编辑界面",
                "fullTitle": "hooks 用户登录发布话题并回复 点击发布话题进入编辑界面",
                "timedOut": false,
                "duration": 74,
                "state": "failed",
                "pass": false,
                "fail": true,
                "pending": false,
                "code": "async function () {\n            let geturl = await web.getCurrentUrl();\n            console.log(\"geturl\", geturl);\n            await web.findElement(by.className('span-success')).click()",
                "err": {
                  "message": "ElementNotVisibleError: element not visible\n  (Session info: headless chrome=61.0.3163.91)\n  (Driver info: chromedriver=2.32.498550 (9dec58e66c31bcc53a9ce3c7226f0c1c5810906a),platform=Windows NT 10.0.14393 x86_64)",
                  "estack": "ElementNotVisibleError: element not visible\n  (Session info: headless chrome=61.0.3163.91)\n  (Driver info: chromedriver=2.32.498550 (9dec58e66c31bcc53a9ce3c7226f0c1c5810906a),platform=Windows NT 10.0.14393 x86_64)\n    at Object.checkLegacyResponse (node_modules\\selenium-webdriver\\lib\\error.js:529:15)\n    at parseHttpResponse (node_modules\\selenium-webdriver\\lib\\http.js:509:13)\n    at doSend.then.response (node_modules\\selenium-webdriver\\lib\\http.js:441:30)\n    at <anonymous>\n    at process._tickCallback (internal/process/next_tick.js:188:7)\nFrom: Task: WebElement.click()\n    at thenableWebDriverProxy.schedule (node_modules\\selenium-webdriver\\lib\\webdriver.js:807:17)\n    at WebElementPromise.schedule_ (node_modules\\selenium-webdriver\\lib\\webdriver.js:2015:25)\n    at WebElementPromise.click (node_modules\\selenium-webdriver\\lib\\webdriver.js:2096:17)\n    at Context.<anonymous> (headless.js:78:65)\n    at <anonymous>\n    at process._tickCallback (internal/process/next_tick.js:188:7)"
                },
                "isRoot": false,
                "uuid": "8d4c64eb-0426-49ea-ad2f-2ef9b52711cf",
                "parentUUID": "b72c4564-552b-414d-a559-f4094518c223",
                "isHook": false,
                "skipped": false
              },
              {
                "title": "选择模块",
                "fullTitle": "hooks 用户登录发布话题并回复 选择模块",
                "timedOut": false,
                "duration": 29,
                "state": "failed",
                "pass": false,
                "fail": true,
                "pending": false,
                "code": "async function () {\n            await web.findElement(by.id('tab-value')).click()\n            await web.findElement(by.css('#tab-value > option:nth-child(2)')).click()    // //选择第二行的元素",
                "err": {
                  "message": "NoSuchElementError: no such element: Unable to locate element: {\"method\":\"css selector\",\"selector\":\"*[id=\"tab-value\"]\"}\n  (Session info: headless chrome=61.0.3163.91)\n  (Driver info: chromedriver=2.32.498550 (9dec58e66c31bcc53a9ce3c7226f0c1c5810906a),platform=Windows NT 10.0.14393 x86_64)",
                  "estack": "NoSuchElementError: no such element: Unable to locate element: {\"method\":\"css selector\",\"selector\":\"*[id=\"tab-value\"]\"}\n  (Session info: headless chrome=61.0.3163.91)\n  (Driver info: chromedriver=2.32.498550 (9dec58e66c31bcc53a9ce3c7226f0c1c5810906a),platform=Windows NT 10.0.14393 x86_64)\n    at Object.checkLegacyResponse (node_modules\\selenium-webdriver\\lib\\error.js:529:15)\n    at parseHttpResponse (node_modules\\selenium-webdriver\\lib\\http.js:509:13)\n    at doSend.then.response (node_modules\\selenium-webdriver\\lib\\http.js:441:30)\n    at <anonymous>\n    at process._tickCallback (internal/process/next_tick.js:188:7)\nFrom: Task: WebDriver.findElement(By(css selector, *[id=\"tab-value\"]))\n    at thenableWebDriverProxy.schedule (node_modules\\selenium-webdriver\\lib\\webdriver.js:807:17)\n    at thenableWebDriverProxy.findElement (node_modules\\selenium-webdriver\\lib\\webdriver.js:1014:17)\n    at Context.<anonymous> (headless.js:81:23)\nFrom: Task: WebElement.click()\n    at thenableWebDriverProxy.schedule (node_modules\\selenium-webdriver\\lib\\webdriver.js:807:17)\n    at WebElementPromise.schedule_ (node_modules\\selenium-webdriver\\lib\\webdriver.js:2015:25)\n    at WebElementPromise.click (node_modules\\selenium-webdriver\\lib\\webdriver.js:2096:17)\n    at Context.<anonymous> (headless.js:81:55)"
                },
                "isRoot": false,
                "uuid": "35e53177-470f-4c5f-a955-4d5f3ce0f723",
                "parentUUID": "b72c4564-552b-414d-a559-f4094518c223",
                "isHook": false,
                "skipped": false
              },
              {
                "title": "输入标题",
                "fullTitle": "hooks 用户登录发布话题并回复 输入标题",
                "timedOut": false,
                "duration": 29,
                "state": "failed",
                "pass": false,
                "fail": true,
                "pending": false,
                "code": "async function () {\n            await web.findElement(by.id('title')).sendKeys('交友聊天相亲招聘交流群')                                 //输入标题",
                "err": {
                  "message": "NoSuchElementError: no such element: Unable to locate element: {\"method\":\"css selector\",\"selector\":\"*[id=\"title\"]\"}\n  (Session info: headless chrome=61.0.3163.91)\n  (Driver info: chromedriver=2.32.498550 (9dec58e66c31bcc53a9ce3c7226f0c1c5810906a),platform=Windows NT 10.0.14393 x86_64)",
                  "estack": "NoSuchElementError: no such element: Unable to locate element: {\"method\":\"css selector\",\"selector\":\"*[id=\"title\"]\"}\n  (Session info: headless chrome=61.0.3163.91)\n  (Driver info: chromedriver=2.32.498550 (9dec58e66c31bcc53a9ce3c7226f0c1c5810906a),platform=Windows NT 10.0.14393 x86_64)\n    at Object.checkLegacyResponse (node_modules\\selenium-webdriver\\lib\\error.js:529:15)\n    at parseHttpResponse (node_modules\\selenium-webdriver\\lib\\http.js:509:13)\n    at doSend.then.response (node_modules\\selenium-webdriver\\lib\\http.js:441:30)\n    at <anonymous>\n    at process._tickCallback (internal/process/next_tick.js:188:7)\nFrom: Task: WebDriver.findElement(By(css selector, *[id=\"title\"]))\n    at thenableWebDriverProxy.schedule (node_modules\\selenium-webdriver\\lib\\webdriver.js:807:17)\n    at thenableWebDriverProxy.findElement (node_modules\\selenium-webdriver\\lib\\webdriver.js:1014:17)\n    at Context.<anonymous> (headless.js:85:23)\nFrom: Task: WebElement.sendKeys()\n    at thenableWebDriverProxy.schedule (node_modules\\selenium-webdriver\\lib\\webdriver.js:807:17)\n    at WebElementPromise.schedule_ (node_modules\\selenium-webdriver\\lib\\webdriver.js:2015:25)\n    at WebElementPromise.sendKeys (node_modules\\selenium-webdriver\\lib\\webdriver.js:2178:19)\n    at Context.<anonymous> (headless.js:85:51)"
                },
                "isRoot": false,
                "uuid": "40dc177f-fe1e-48b5-a60a-cd688fffa233",
                "parentUUID": "b72c4564-552b-414d-a559-f4094518c223",
                "isHook": false,
                "skipped": false
              },
              {
                "title": "输入正文",
                "fullTitle": "hooks 用户登录发布话题并回复 输入正文",
                "timedOut": false,
                "duration": 34,
                "state": "failed",
                "pass": false,
                "fail": true,
                "pending": false,
                "code": "async function () {\n            await web.findElement(by.css('.CodeMirror.cm-s-paper')).click()\n            let txt = web.findElement(by.xpath('//*[@id=\"create_topic_form\"]/fieldset/div/div/div[2]/div[6]/div[2]'))\n            await web.actions().mouseMove(txt).sendKeys(\"可以在楼下回复如：你好啊，交个朋友吧\").perform()",
                "err": {
                  "message": "NoSuchElementError: no such element: Unable to locate element: {\"method\":\"css selector\",\"selector\":\".CodeMirror.cm-s-paper\"}\n  (Session info: headless chrome=61.0.3163.91)\n  (Driver info: chromedriver=2.32.498550 (9dec58e66c31bcc53a9ce3c7226f0c1c5810906a),platform=Windows NT 10.0.14393 x86_64)",
                  "estack": "NoSuchElementError: no such element: Unable to locate element: {\"method\":\"css selector\",\"selector\":\".CodeMirror.cm-s-paper\"}\n  (Session info: headless chrome=61.0.3163.91)\n  (Driver info: chromedriver=2.32.498550 (9dec58e66c31bcc53a9ce3c7226f0c1c5810906a),platform=Windows NT 10.0.14393 x86_64)\n    at Object.checkLegacyResponse (node_modules\\selenium-webdriver\\lib\\error.js:529:15)\n    at parseHttpResponse (node_modules\\selenium-webdriver\\lib\\http.js:509:13)\n    at doSend.then.response (node_modules\\selenium-webdriver\\lib\\http.js:441:30)\n    at <anonymous>\n    at process._tickCallback (internal/process/next_tick.js:188:7)\nFrom: Task: WebDriver.findElement(By(css selector, .CodeMirror.cm-s-paper))\n    at thenableWebDriverProxy.schedule (node_modules\\selenium-webdriver\\lib\\webdriver.js:807:17)\n    at thenableWebDriverProxy.findElement (node_modules\\selenium-webdriver\\lib\\webdriver.js:1014:17)\n    at Context.<anonymous> (headless.js:88:23)\nFrom: Task: WebElement.click()\n    at thenableWebDriverProxy.schedule (node_modules\\selenium-webdriver\\lib\\webdriver.js:807:17)\n    at WebElementPromise.schedule_ (node_modules\\selenium-webdriver\\lib\\webdriver.js:2015:25)\n    at WebElementPromise.click (node_modules\\selenium-webdriver\\lib\\webdriver.js:2096:17)\n    at Context.<anonymous> (headless.js:88:69)"
                },
                "isRoot": false,
                "uuid": "fbe62b11-99f2-4046-a73e-cf0678107fa5",
                "parentUUID": "b72c4564-552b-414d-a559-f4094518c223",
                "isHook": false,
                "skipped": false
              },
              {
                "title": "添加网址链接",
                "fullTitle": "hooks 用户登录发布话题并回复 添加网址链接",
                "timedOut": false,
                "duration": 28,
                "state": "failed",
                "pass": false,
                "fail": true,
                "pending": false,
                "code": "async function () {\n            //定位正文元素 位置并且输入文字\n            await web.findElement(by.className(\"eicon-link\")).click()\n            await web.sleep(1000)\n            await web.findElement(by.xpath('/html/body/div[4]/div[2]/form/div[1]/div/input')).sendKeys('百度')\n            await web.findElement(by.xpath('/html/body/div[4]/div[2]/form/div[2]/div/input')).sendKeys('www.baidu.com')\n            await web.findElement(by.className(\"btn btn-primary\")).click()",
                "err": {
                  "message": "NoSuchElementError: no such element: Unable to locate element: {\"method\":\"css selector\",\"selector\":\".eicon-link\"}\n  (Session info: headless chrome=61.0.3163.91)\n  (Driver info: chromedriver=2.32.498550 (9dec58e66c31bcc53a9ce3c7226f0c1c5810906a),platform=Windows NT 10.0.14393 x86_64)",
                  "estack": "NoSuchElementError: no such element: Unable to locate element: {\"method\":\"css selector\",\"selector\":\".eicon-link\"}\n  (Session info: headless chrome=61.0.3163.91)\n  (Driver info: chromedriver=2.32.498550 (9dec58e66c31bcc53a9ce3c7226f0c1c5810906a),platform=Windows NT 10.0.14393 x86_64)\n    at Object.checkLegacyResponse (node_modules\\selenium-webdriver\\lib\\error.js:529:15)\n    at parseHttpResponse (node_modules\\selenium-webdriver\\lib\\http.js:509:13)\n    at doSend.then.response (node_modules\\selenium-webdriver\\lib\\http.js:441:30)\n    at <anonymous>\n    at process._tickCallback (internal/process/next_tick.js:188:7)\nFrom: Task: WebDriver.findElement(By(css selector, .eicon-link))\n    at thenableWebDriverProxy.schedule (node_modules\\selenium-webdriver\\lib\\webdriver.js:807:17)\n    at thenableWebDriverProxy.findElement (node_modules\\selenium-webdriver\\lib\\webdriver.js:1014:17)\n    at Context.<anonymous> (headless.js:94:23)\nFrom: Task: WebElement.click()\n    at thenableWebDriverProxy.schedule (node_modules\\selenium-webdriver\\lib\\webdriver.js:807:17)\n    at WebElementPromise.schedule_ (node_modules\\selenium-webdriver\\lib\\webdriver.js:2015:25)\n    at WebElementPromise.click (node_modules\\selenium-webdriver\\lib\\webdriver.js:2096:17)\n    at Context.<anonymous> (headless.js:94:63)"
                },
                "isRoot": false,
                "uuid": "e96d2bdb-73b6-4dc3-8887-fc8447004354",
                "parentUUID": "b72c4564-552b-414d-a559-f4094518c223",
                "isHook": false,
                "skipped": false
              },
              {
                "title": "添加图片",
                "fullTitle": "hooks 用户登录发布话题并回复 添加图片",
                "timedOut": false,
                "duration": 0,
                "state": "failed",
                "pass": false,
                "fail": true,
                "pending": false,
                "code": "async function () {\n            web.actions().mouseMove(web.findElement(by.css('.eicon-image'))).click().perform();\n            // await web.findElement(by.css('.eicon-image')).click()\n            await web.findElement(by.name('file')).sendKeys(picpath)",
                "err": {
                  "message": "NoSuchElementError: no such element: Unable to locate element: {\"method\":\"css selector\",\"selector\":\".eicon-image\"}\n  (Session info: headless chrome=61.0.3163.91)\n  (Driver info: chromedriver=2.32.498550 (9dec58e66c31bcc53a9ce3c7226f0c1c5810906a),platform=Windows NT 10.0.14393 x86_64)",
                  "estack": "NoSuchElementError: no such element: Unable to locate element: {\"method\":\"css selector\",\"selector\":\".eicon-image\"}\n  (Session info: headless chrome=61.0.3163.91)\n  (Driver info: chromedriver=2.32.498550 (9dec58e66c31bcc53a9ce3c7226f0c1c5810906a),platform=Windows NT 10.0.14393 x86_64)\n    at Object.checkLegacyResponse (node_modules\\selenium-webdriver\\lib\\error.js:529:15)\n    at parseHttpResponse (node_modules\\selenium-webdriver\\lib\\http.js:509:13)\n    at doSend.then.response (node_modules\\selenium-webdriver\\lib\\http.js:441:30)\n    at <anonymous>\n    at process._tickCallback (internal/process/next_tick.js:188:7)\nFrom: Task: WebDriver.findElement(By(css selector, .eicon-image))\n    at thenableWebDriverProxy.schedule (node_modules\\selenium-webdriver\\lib\\webdriver.js:807:17)\n    at thenableWebDriverProxy.findElement (node_modules\\selenium-webdriver\\lib\\webdriver.js:1014:17)\n    at Context.<anonymous> (headless.js:101:41)"
                },
                "isRoot": false,
                "uuid": "066c2d91-1f21-4db6-9a38-807bbf1290c5",
                "parentUUID": "b72c4564-552b-414d-a559-f4094518c223",
                "isHook": false,
                "skipped": false
              }
            ],
            "pending": [],
            "root": false,
            "_timeout": 60000,
            "file": "\\headless.js",
            "uuid": "b72c4564-552b-414d-a559-f4094518c223",
            "beforeHooks": [
              {
                "title": "\"before all\" hook",
                "fullTitle": "hooks 用户登录发布话题并回复 \"before all\" hook",
                "timedOut": false,
                "duration": 3811,
                "pass": false,
                "fail": false,
                "pending": false,
                "code": "// runs before all tests in this block\nconsole.log(\"before\")\nweb = new webdriver.Builder().forBrowser('chrome').setChromeOptions(new chrome.Options().headless()).build();\nreturn web.executeScript(function(){\n    return {\n        width: window.screen.availWidth,\n        height: window.screen.availHeight\n    };\n  }).then(function(result){\n    web.manage().window().setSize(result.width, result.height);\n  })",
                "err": {},
                "isRoot": false,
                "uuid": "dc5e73bc-0b4a-4725-a894-af4e427bcfd0",
                "parentUUID": "b72c4564-552b-414d-a559-f4094518c223",
                "isHook": true,
                "skipped": false
              },
              {
                "title": "\"before each\" hook",
                "fullTitle": "hooks 用户登录发布话题并回复 \"before each\" hook",
                "timedOut": false,
                "duration": 0,
                "pass": false,
                "fail": false,
                "pending": false,
                "code": "",
                "err": {},
                "isRoot": false,
                "uuid": "db565908-12e6-417e-a833-7fade9e3f19b",
                "parentUUID": "b72c4564-552b-414d-a559-f4094518c223",
                "isHook": true,
                "skipped": false
              }
            ],
            "afterHooks": [
              {
                "title": "\"after all\" hook",
                "fullTitle": "hooks 用户登录发布话题并回复 \"after all\" hook",
                "timedOut": false,
                "duration": 28,
                "pass": false,
                "fail": false,
                "pending": false,
                "code": "// runs after all tests in this block\nconsole.log('after');\nreturn web.quit();",
                "err": {},
                "isRoot": false,
                "uuid": "0c088bf8-65ae-43cc-aa00-a8d48f3ff37b",
                "parentUUID": "b72c4564-552b-414d-a559-f4094518c223",
                "isHook": true,
                "skipped": false
              },
              {
                "title": "\"after each\" hook",
                "fullTitle": "hooks 用户登录发布话题并回复 \"after each\" hook",
                "timedOut": false,
                "duration": 236,
                "pass": false,
                "fail": false,
                "pending": false,
                "code": "async function () {\n            // runs after each test in this block\n            //在每一步完成后添加截图\n            console.log(\"afterEach\")\n            await web.takeScreenshot().then(function (screenshot) {\n               return fs.writeFileSync(new Date().valueOf() + \".png\", screenshot, \"base64\")\n            });",
                "err": {},
                "isRoot": false,
                "uuid": "55656b75-80e7-45aa-a469-29a58d286c3d",
                "parentUUID": "b72c4564-552b-414d-a559-f4094518c223",
                "isHook": true,
                "skipped": false
              }
            ],
            "fullFile": "D:\\AutoTest\\MyProject\\SeleniumWebTask\\headless.js",
            "passes": [
              {
                "title": "最大化窗口",
                "fullTitle": "hooks 用户登录发布话题并回复 最大化窗口",
                "timedOut": false,
                "duration": 111,
                "state": "passed",
                "speed": "slow",
                "pass": true,
                "fail": false,
                "pending": false,
                "code": "async function () {\n           await web.manage().window().maximize()",
                "err": {},
                "isRoot": false,
                "uuid": "9560bc91-6982-437f-a9bd-229d43549e7f",
                "parentUUID": "b72c4564-552b-414d-a559-f4094518c223",
                "isHook": false,
                "skipped": false
              },
              {
                "title": "点击注册按钮",
                "fullTitle": "hooks 用户登录发布话题并回复 点击注册按钮",
                "timedOut": false,
                "duration": 425,
                "state": "passed",
                "speed": "slow",
                "pass": true,
                "fail": false,
                "pending": false,
                "code": "async function () {\n            await web.findElement(by.xpath('/html/body/div[1]/div/div/ul/li[5]/a')).click();\n            // await web.findElement(by.css('body > div.navbar > div > div > ul > li:nth-child(5) > a')).click()  // 注册按钮",
                "err": {},
                "isRoot": false,
                "uuid": "3d14e7d7-be46-4bae-98c3-a3aa65373a6b",
                "parentUUID": "b72c4564-552b-414d-a559-f4094518c223",
                "isHook": false,
                "skipped": false
              },
              {
                "title": "进入登录界面",
                "fullTitle": "hooks 用户登录发布话题并回复 进入登录界面",
                "timedOut": false,
                "duration": 248,
                "state": "passed",
                "speed": "slow",
                "pass": true,
                "fail": false,
                "pending": false,
                "code": "async function () {\n            await web.findElement(by.css('body > div.navbar > div > div > ul > li:nth-child(6) > a')).click()",
                "err": {},
                "isRoot": false,
                "uuid": "31319f4f-30c6-4b09-9047-a526c60f968e",
                "parentUUID": "b72c4564-552b-414d-a559-f4094518c223",
                "isHook": false,
                "skipped": false
              },
              {
                "title": "输入账号",
                "fullTitle": "hooks 用户登录发布话题并回复 输入账号",
                "timedOut": false,
                "duration": 104,
                "state": "passed",
                "speed": "slow",
                "pass": true,
                "fail": false,
                "pending": false,
                "code": "async function () {\n            await web.findElement(by.id('name')).sendKeys('xufeng')",
                "err": {},
                "isRoot": false,
                "uuid": "315fac2c-06c2-4abb-afd9-914de3180312",
                "parentUUID": "b72c4564-552b-414d-a559-f4094518c223",
                "isHook": false,
                "skipped": false
              },
              {
                "title": "输入密码",
                "fullTitle": "hooks 用户登录发布话题并回复 输入密码",
                "timedOut": false,
                "duration": 123,
                "state": "passed",
                "speed": "slow",
                "pass": true,
                "fail": false,
                "pending": false,
                "code": "async function () {\n            await web.findElement(by.id('pass')).sendKeys('xf13451082032')",
                "err": {},
                "isRoot": false,
                "uuid": "f7931f6f-6254-4fe0-b2e6-600f4a6f16c5",
                "parentUUID": "b72c4564-552b-414d-a559-f4094518c223",
                "isHook": false,
                "skipped": false
              }
            ],
            "failures": [
              {
                "title": "导航到登录页面",
                "fullTitle": "hooks 用户登录发布话题并回复 导航到登录页面",
                "timedOut": true,
                "duration": 60004,
                "state": "failed",
                "pass": false,
                "fail": true,
                "pending": false,
                "code": "async function () {\n            await web.get(\"http://192.168.198.129:3000\")",
                "err": {
                  "message": "Error: Timeout of 60000ms exceeded. For async tests and hooks, ensure \"done()\" is called; if returning a Promise, ensure it resolves.",
                  "estack": "Error: Timeout of 60000ms exceeded. For async tests and hooks, ensure \"done()\" is called; if returning a Promise, ensure it resolves."
                },
                "isRoot": false,
                "uuid": "c5a5c5f9-a9d2-47b9-9dea-ee8e8d0cf128",
                "parentUUID": "b72c4564-552b-414d-a559-f4094518c223",
                "isHook": false,
                "skipped": false
              },
              {
                "title": "点击登录",
                "fullTitle": "hooks 用户登录发布话题并回复 点击登录",
                "timedOut": true,
                "duration": 60003,
                "state": "failed",
                "pass": false,
                "fail": true,
                "pending": false,
                "code": "async function () {\n            await web.findElement(by.id('pass')).submit();",
                "err": {
                  "message": "Error: Timeout of 60000ms exceeded. For async tests and hooks, ensure \"done()\" is called; if returning a Promise, ensure it resolves.",
                  "estack": "Error: Timeout of 60000ms exceeded. For async tests and hooks, ensure \"done()\" is called; if returning a Promise, ensure it resolves."
                },
                "isRoot": false,
                "uuid": "9c1ee210-fa3f-46e6-bf1d-a1b4443bb787",
                "parentUUID": "b72c4564-552b-414d-a559-f4094518c223",
                "isHook": false,
                "skipped": false
              },
              {
                "title": "点击发布话题进入编辑界面",
                "fullTitle": "hooks 用户登录发布话题并回复 点击发布话题进入编辑界面",
                "timedOut": false,
                "duration": 74,
                "state": "failed",
                "pass": false,
                "fail": true,
                "pending": false,
                "code": "async function () {\n            let geturl = await web.getCurrentUrl();\n            console.log(\"geturl\", geturl);\n            await web.findElement(by.className('span-success')).click()",
                "err": {
                  "message": "ElementNotVisibleError: element not visible\n  (Session info: headless chrome=61.0.3163.91)\n  (Driver info: chromedriver=2.32.498550 (9dec58e66c31bcc53a9ce3c7226f0c1c5810906a),platform=Windows NT 10.0.14393 x86_64)",
                  "estack": "ElementNotVisibleError: element not visible\n  (Session info: headless chrome=61.0.3163.91)\n  (Driver info: chromedriver=2.32.498550 (9dec58e66c31bcc53a9ce3c7226f0c1c5810906a),platform=Windows NT 10.0.14393 x86_64)\n    at Object.checkLegacyResponse (node_modules\\selenium-webdriver\\lib\\error.js:529:15)\n    at parseHttpResponse (node_modules\\selenium-webdriver\\lib\\http.js:509:13)\n    at doSend.then.response (node_modules\\selenium-webdriver\\lib\\http.js:441:30)\n    at <anonymous>\n    at process._tickCallback (internal/process/next_tick.js:188:7)\nFrom: Task: WebElement.click()\n    at thenableWebDriverProxy.schedule (node_modules\\selenium-webdriver\\lib\\webdriver.js:807:17)\n    at WebElementPromise.schedule_ (node_modules\\selenium-webdriver\\lib\\webdriver.js:2015:25)\n    at WebElementPromise.click (node_modules\\selenium-webdriver\\lib\\webdriver.js:2096:17)\n    at Context.<anonymous> (headless.js:78:65)\n    at <anonymous>\n    at process._tickCallback (internal/process/next_tick.js:188:7)"
                },
                "isRoot": false,
                "uuid": "8d4c64eb-0426-49ea-ad2f-2ef9b52711cf",
                "parentUUID": "b72c4564-552b-414d-a559-f4094518c223",
                "isHook": false,
                "skipped": false
              },
              {
                "title": "选择模块",
                "fullTitle": "hooks 用户登录发布话题并回复 选择模块",
                "timedOut": false,
                "duration": 29,
                "state": "failed",
                "pass": false,
                "fail": true,
                "pending": false,
                "code": "async function () {\n            await web.findElement(by.id('tab-value')).click()\n            await web.findElement(by.css('#tab-value > option:nth-child(2)')).click()    // //选择第二行的元素",
                "err": {
                  "message": "NoSuchElementError: no such element: Unable to locate element: {\"method\":\"css selector\",\"selector\":\"*[id=\"tab-value\"]\"}\n  (Session info: headless chrome=61.0.3163.91)\n  (Driver info: chromedriver=2.32.498550 (9dec58e66c31bcc53a9ce3c7226f0c1c5810906a),platform=Windows NT 10.0.14393 x86_64)",
                  "estack": "NoSuchElementError: no such element: Unable to locate element: {\"method\":\"css selector\",\"selector\":\"*[id=\"tab-value\"]\"}\n  (Session info: headless chrome=61.0.3163.91)\n  (Driver info: chromedriver=2.32.498550 (9dec58e66c31bcc53a9ce3c7226f0c1c5810906a),platform=Windows NT 10.0.14393 x86_64)\n    at Object.checkLegacyResponse (node_modules\\selenium-webdriver\\lib\\error.js:529:15)\n    at parseHttpResponse (node_modules\\selenium-webdriver\\lib\\http.js:509:13)\n    at doSend.then.response (node_modules\\selenium-webdriver\\lib\\http.js:441:30)\n    at <anonymous>\n    at process._tickCallback (internal/process/next_tick.js:188:7)\nFrom: Task: WebDriver.findElement(By(css selector, *[id=\"tab-value\"]))\n    at thenableWebDriverProxy.schedule (node_modules\\selenium-webdriver\\lib\\webdriver.js:807:17)\n    at thenableWebDriverProxy.findElement (node_modules\\selenium-webdriver\\lib\\webdriver.js:1014:17)\n    at Context.<anonymous> (headless.js:81:23)\nFrom: Task: WebElement.click()\n    at thenableWebDriverProxy.schedule (node_modules\\selenium-webdriver\\lib\\webdriver.js:807:17)\n    at WebElementPromise.schedule_ (node_modules\\selenium-webdriver\\lib\\webdriver.js:2015:25)\n    at WebElementPromise.click (node_modules\\selenium-webdriver\\lib\\webdriver.js:2096:17)\n    at Context.<anonymous> (headless.js:81:55)"
                },
                "isRoot": false,
                "uuid": "35e53177-470f-4c5f-a955-4d5f3ce0f723",
                "parentUUID": "b72c4564-552b-414d-a559-f4094518c223",
                "isHook": false,
                "skipped": false
              },
              {
                "title": "输入标题",
                "fullTitle": "hooks 用户登录发布话题并回复 输入标题",
                "timedOut": false,
                "duration": 29,
                "state": "failed",
                "pass": false,
                "fail": true,
                "pending": false,
                "code": "async function () {\n            await web.findElement(by.id('title')).sendKeys('交友聊天相亲招聘交流群')                                 //输入标题",
                "err": {
                  "message": "NoSuchElementError: no such element: Unable to locate element: {\"method\":\"css selector\",\"selector\":\"*[id=\"title\"]\"}\n  (Session info: headless chrome=61.0.3163.91)\n  (Driver info: chromedriver=2.32.498550 (9dec58e66c31bcc53a9ce3c7226f0c1c5810906a),platform=Windows NT 10.0.14393 x86_64)",
                  "estack": "NoSuchElementError: no such element: Unable to locate element: {\"method\":\"css selector\",\"selector\":\"*[id=\"title\"]\"}\n  (Session info: headless chrome=61.0.3163.91)\n  (Driver info: chromedriver=2.32.498550 (9dec58e66c31bcc53a9ce3c7226f0c1c5810906a),platform=Windows NT 10.0.14393 x86_64)\n    at Object.checkLegacyResponse (node_modules\\selenium-webdriver\\lib\\error.js:529:15)\n    at parseHttpResponse (node_modules\\selenium-webdriver\\lib\\http.js:509:13)\n    at doSend.then.response (node_modules\\selenium-webdriver\\lib\\http.js:441:30)\n    at <anonymous>\n    at process._tickCallback (internal/process/next_tick.js:188:7)\nFrom: Task: WebDriver.findElement(By(css selector, *[id=\"title\"]))\n    at thenableWebDriverProxy.schedule (node_modules\\selenium-webdriver\\lib\\webdriver.js:807:17)\n    at thenableWebDriverProxy.findElement (node_modules\\selenium-webdriver\\lib\\webdriver.js:1014:17)\n    at Context.<anonymous> (headless.js:85:23)\nFrom: Task: WebElement.sendKeys()\n    at thenableWebDriverProxy.schedule (node_modules\\selenium-webdriver\\lib\\webdriver.js:807:17)\n    at WebElementPromise.schedule_ (node_modules\\selenium-webdriver\\lib\\webdriver.js:2015:25)\n    at WebElementPromise.sendKeys (node_modules\\selenium-webdriver\\lib\\webdriver.js:2178:19)\n    at Context.<anonymous> (headless.js:85:51)"
                },
                "isRoot": false,
                "uuid": "40dc177f-fe1e-48b5-a60a-cd688fffa233",
                "parentUUID": "b72c4564-552b-414d-a559-f4094518c223",
                "isHook": false,
                "skipped": false
              },
              {
                "title": "输入正文",
                "fullTitle": "hooks 用户登录发布话题并回复 输入正文",
                "timedOut": false,
                "duration": 34,
                "state": "failed",
                "pass": false,
                "fail": true,
                "pending": false,
                "code": "async function () {\n            await web.findElement(by.css('.CodeMirror.cm-s-paper')).click()\n            let txt = web.findElement(by.xpath('//*[@id=\"create_topic_form\"]/fieldset/div/div/div[2]/div[6]/div[2]'))\n            await web.actions().mouseMove(txt).sendKeys(\"可以在楼下回复如：你好啊，交个朋友吧\").perform()",
                "err": {
                  "message": "NoSuchElementError: no such element: Unable to locate element: {\"method\":\"css selector\",\"selector\":\".CodeMirror.cm-s-paper\"}\n  (Session info: headless chrome=61.0.3163.91)\n  (Driver info: chromedriver=2.32.498550 (9dec58e66c31bcc53a9ce3c7226f0c1c5810906a),platform=Windows NT 10.0.14393 x86_64)",
                  "estack": "NoSuchElementError: no such element: Unable to locate element: {\"method\":\"css selector\",\"selector\":\".CodeMirror.cm-s-paper\"}\n  (Session info: headless chrome=61.0.3163.91)\n  (Driver info: chromedriver=2.32.498550 (9dec58e66c31bcc53a9ce3c7226f0c1c5810906a),platform=Windows NT 10.0.14393 x86_64)\n    at Object.checkLegacyResponse (node_modules\\selenium-webdriver\\lib\\error.js:529:15)\n    at parseHttpResponse (node_modules\\selenium-webdriver\\lib\\http.js:509:13)\n    at doSend.then.response (node_modules\\selenium-webdriver\\lib\\http.js:441:30)\n    at <anonymous>\n    at process._tickCallback (internal/process/next_tick.js:188:7)\nFrom: Task: WebDriver.findElement(By(css selector, .CodeMirror.cm-s-paper))\n    at thenableWebDriverProxy.schedule (node_modules\\selenium-webdriver\\lib\\webdriver.js:807:17)\n    at thenableWebDriverProxy.findElement (node_modules\\selenium-webdriver\\lib\\webdriver.js:1014:17)\n    at Context.<anonymous> (headless.js:88:23)\nFrom: Task: WebElement.click()\n    at thenableWebDriverProxy.schedule (node_modules\\selenium-webdriver\\lib\\webdriver.js:807:17)\n    at WebElementPromise.schedule_ (node_modules\\selenium-webdriver\\lib\\webdriver.js:2015:25)\n    at WebElementPromise.click (node_modules\\selenium-webdriver\\lib\\webdriver.js:2096:17)\n    at Context.<anonymous> (headless.js:88:69)"
                },
                "isRoot": false,
                "uuid": "fbe62b11-99f2-4046-a73e-cf0678107fa5",
                "parentUUID": "b72c4564-552b-414d-a559-f4094518c223",
                "isHook": false,
                "skipped": false
              },
              {
                "title": "添加网址链接",
                "fullTitle": "hooks 用户登录发布话题并回复 添加网址链接",
                "timedOut": false,
                "duration": 28,
                "state": "failed",
                "pass": false,
                "fail": true,
                "pending": false,
                "code": "async function () {\n            //定位正文元素 位置并且输入文字\n            await web.findElement(by.className(\"eicon-link\")).click()\n            await web.sleep(1000)\n            await web.findElement(by.xpath('/html/body/div[4]/div[2]/form/div[1]/div/input')).sendKeys('百度')\n            await web.findElement(by.xpath('/html/body/div[4]/div[2]/form/div[2]/div/input')).sendKeys('www.baidu.com')\n            await web.findElement(by.className(\"btn btn-primary\")).click()",
                "err": {
                  "message": "NoSuchElementError: no such element: Unable to locate element: {\"method\":\"css selector\",\"selector\":\".eicon-link\"}\n  (Session info: headless chrome=61.0.3163.91)\n  (Driver info: chromedriver=2.32.498550 (9dec58e66c31bcc53a9ce3c7226f0c1c5810906a),platform=Windows NT 10.0.14393 x86_64)",
                  "estack": "NoSuchElementError: no such element: Unable to locate element: {\"method\":\"css selector\",\"selector\":\".eicon-link\"}\n  (Session info: headless chrome=61.0.3163.91)\n  (Driver info: chromedriver=2.32.498550 (9dec58e66c31bcc53a9ce3c7226f0c1c5810906a),platform=Windows NT 10.0.14393 x86_64)\n    at Object.checkLegacyResponse (node_modules\\selenium-webdriver\\lib\\error.js:529:15)\n    at parseHttpResponse (node_modules\\selenium-webdriver\\lib\\http.js:509:13)\n    at doSend.then.response (node_modules\\selenium-webdriver\\lib\\http.js:441:30)\n    at <anonymous>\n    at process._tickCallback (internal/process/next_tick.js:188:7)\nFrom: Task: WebDriver.findElement(By(css selector, .eicon-link))\n    at thenableWebDriverProxy.schedule (node_modules\\selenium-webdriver\\lib\\webdriver.js:807:17)\n    at thenableWebDriverProxy.findElement (node_modules\\selenium-webdriver\\lib\\webdriver.js:1014:17)\n    at Context.<anonymous> (headless.js:94:23)\nFrom: Task: WebElement.click()\n    at thenableWebDriverProxy.schedule (node_modules\\selenium-webdriver\\lib\\webdriver.js:807:17)\n    at WebElementPromise.schedule_ (node_modules\\selenium-webdriver\\lib\\webdriver.js:2015:25)\n    at WebElementPromise.click (node_modules\\selenium-webdriver\\lib\\webdriver.js:2096:17)\n    at Context.<anonymous> (headless.js:94:63)"
                },
                "isRoot": false,
                "uuid": "e96d2bdb-73b6-4dc3-8887-fc8447004354",
                "parentUUID": "b72c4564-552b-414d-a559-f4094518c223",
                "isHook": false,
                "skipped": false
              },
              {
                "title": "添加图片",
                "fullTitle": "hooks 用户登录发布话题并回复 添加图片",
                "timedOut": false,
                "duration": 0,
                "state": "failed",
                "pass": false,
                "fail": true,
                "pending": false,
                "code": "async function () {\n            web.actions().mouseMove(web.findElement(by.css('.eicon-image'))).click().perform();\n            // await web.findElement(by.css('.eicon-image')).click()\n            await web.findElement(by.name('file')).sendKeys(picpath)",
                "err": {
                  "message": "NoSuchElementError: no such element: Unable to locate element: {\"method\":\"css selector\",\"selector\":\".eicon-image\"}\n  (Session info: headless chrome=61.0.3163.91)\n  (Driver info: chromedriver=2.32.498550 (9dec58e66c31bcc53a9ce3c7226f0c1c5810906a),platform=Windows NT 10.0.14393 x86_64)",
                  "estack": "NoSuchElementError: no such element: Unable to locate element: {\"method\":\"css selector\",\"selector\":\".eicon-image\"}\n  (Session info: headless chrome=61.0.3163.91)\n  (Driver info: chromedriver=2.32.498550 (9dec58e66c31bcc53a9ce3c7226f0c1c5810906a),platform=Windows NT 10.0.14393 x86_64)\n    at Object.checkLegacyResponse (node_modules\\selenium-webdriver\\lib\\error.js:529:15)\n    at parseHttpResponse (node_modules\\selenium-webdriver\\lib\\http.js:509:13)\n    at doSend.then.response (node_modules\\selenium-webdriver\\lib\\http.js:441:30)\n    at <anonymous>\n    at process._tickCallback (internal/process/next_tick.js:188:7)\nFrom: Task: WebDriver.findElement(By(css selector, .eicon-image))\n    at thenableWebDriverProxy.schedule (node_modules\\selenium-webdriver\\lib\\webdriver.js:807:17)\n    at thenableWebDriverProxy.findElement (node_modules\\selenium-webdriver\\lib\\webdriver.js:1014:17)\n    at Context.<anonymous> (headless.js:101:41)"
                },
                "isRoot": false,
                "uuid": "066c2d91-1f21-4db6-9a38-807bbf1290c5",
                "parentUUID": "b72c4564-552b-414d-a559-f4094518c223",
                "isHook": false,
                "skipped": false
              }
            ],
            "skipped": [],
            "hasBeforeHooks": true,
            "hasAfterHooks": true,
            "hasTests": true,
            "hasSuites": false,
            "totalTests": 13,
            "totalPasses": 5,
            "totalFailures": 8,
            "totalPending": 0,
            "totalSkipped": 0,
            "hasPasses": true,
            "hasFailures": true,
            "hasPending": false,
            "hasSkipped": false,
            "duration": 121212,
            "rootEmpty": false
          }
        ],
        "tests": [],
        "pending": [],
        "root": false,
        "_timeout": 60000,
        "file": "\\headless.js",
        "uuid": "7a371c4e-3f34-418f-95a4-d28cc6c06b2c",
        "beforeHooks": [],
        "afterHooks": [],
        "fullFile": "D:\\AutoTest\\MyProject\\SeleniumWebTask\\headless.js",
        "passes": [],
        "failures": [],
        "skipped": [],
        "hasBeforeHooks": false,
        "hasAfterHooks": false,
        "hasTests": false,
        "hasSuites": true,
        "totalTests": 0,
        "totalPasses": 0,
        "totalFailures": 0,
        "totalPending": 0,
        "totalSkipped": 0,
        "hasPasses": false,
        "hasFailures": false,
        "hasPending": false,
        "hasSkipped": false,
        "duration": 0,
        "rootEmpty": false
      }
    ],
    "tests": [],
    "pending": [],
    "root": true,
    "_timeout": 2000,
    "uuid": "d52e94b9-e172-4662-9a30-03f558888cfb",
    "beforeHooks": [],
    "afterHooks": [],
    "fullFile": "",
    "file": "",
    "passes": [],
    "failures": [],
    "skipped": [],
    "hasBeforeHooks": false,
    "hasAfterHooks": false,
    "hasTests": false,
    "hasSuites": true,
    "totalTests": 0,
    "totalPasses": 0,
    "totalFailures": 0,
    "totalPending": 0,
    "totalSkipped": 0,
    "hasPasses": false,
    "hasFailures": false,
    "hasPending": false,
    "hasSkipped": false,
    "duration": 0,
    "rootEmpty": true
  },
  "allTests": [
    {
      "title": "导航到登录页面",
      "fullTitle": "用户登录发布话题并回复 导航到登录页面",
      "timedOut": true,
      "duration": 60004,
      "state": "failed",
      "pass": false,
      "fail": true,
      "pending": false,
      "code": "async function () {\n            await web.get(\"http://192.168.198.129:3000\")",
      "err": {
        "message": "Error: Timeout of 60000ms exceeded. For async tests and hooks, ensure \"done()\" is called; if returning a Promise, ensure it resolves.",
        "estack": "Error: Timeout of 60000ms exceeded. For async tests and hooks, ensure \"done()\" is called; if returning a Promise, ensure it resolves."
      },
      "isRoot": false,
      "uuid": "c5a5c5f9-a9d2-47b9-9dea-ee8e8d0cf128",
      "parentUUID": "b72c4564-552b-414d-a559-f4094518c223",
      "isHook": false,
      "skipped": false
    },
    {
      "title": "最大化窗口",
      "fullTitle": "用户登录发布话题并回复 最大化窗口",
      "timedOut": false,
      "duration": 111,
      "state": "passed",
      "speed": "slow",
      "pass": true,
      "fail": false,
      "pending": false,
      "code": "async function () {\n           await web.manage().window().maximize()",
      "err": {},
      "isRoot": false,
      "uuid": "9560bc91-6982-437f-a9bd-229d43549e7f",
      "parentUUID": "b72c4564-552b-414d-a559-f4094518c223",
      "isHook": false,
      "skipped": false
    },
    {
      "title": "点击注册按钮",
      "fullTitle": "用户登录发布话题并回复 点击注册按钮",
      "timedOut": false,
      "duration": 425,
      "state": "passed",
      "speed": "slow",
      "pass": true,
      "fail": false,
      "pending": false,
      "code": "async function () {\n            await web.findElement(by.xpath('/html/body/div[1]/div/div/ul/li[5]/a')).click();\n            // await web.findElement(by.css('body > div.navbar > div > div > ul > li:nth-child(5) > a')).click()  // 注册按钮",
      "err": {},
      "isRoot": false,
      "uuid": "3d14e7d7-be46-4bae-98c3-a3aa65373a6b",
      "parentUUID": "b72c4564-552b-414d-a559-f4094518c223",
      "isHook": false,
      "skipped": false
    },
    {
      "title": "进入登录界面",
      "fullTitle": "用户登录发布话题并回复 进入登录界面",
      "timedOut": false,
      "duration": 248,
      "state": "passed",
      "speed": "slow",
      "pass": true,
      "fail": false,
      "pending": false,
      "code": "async function () {\n            await web.findElement(by.css('body > div.navbar > div > div > ul > li:nth-child(6) > a')).click()",
      "err": {},
      "isRoot": false,
      "uuid": "31319f4f-30c6-4b09-9047-a526c60f968e",
      "parentUUID": "b72c4564-552b-414d-a559-f4094518c223",
      "isHook": false,
      "skipped": false
    },
    {
      "title": "输入账号",
      "fullTitle": "用户登录发布话题并回复 输入账号",
      "timedOut": false,
      "duration": 104,
      "state": "passed",
      "speed": "slow",
      "pass": true,
      "fail": false,
      "pending": false,
      "code": "async function () {\n            await web.findElement(by.id('name')).sendKeys('xufeng')",
      "err": {},
      "isRoot": false,
      "uuid": "315fac2c-06c2-4abb-afd9-914de3180312",
      "parentUUID": "b72c4564-552b-414d-a559-f4094518c223",
      "isHook": false,
      "skipped": false
    },
    {
      "title": "输入密码",
      "fullTitle": "用户登录发布话题并回复 输入密码",
      "timedOut": false,
      "duration": 123,
      "state": "passed",
      "speed": "slow",
      "pass": true,
      "fail": false,
      "pending": false,
      "code": "async function () {\n            await web.findElement(by.id('pass')).sendKeys('xf13451082032')",
      "err": {},
      "isRoot": false,
      "uuid": "f7931f6f-6254-4fe0-b2e6-600f4a6f16c5",
      "parentUUID": "b72c4564-552b-414d-a559-f4094518c223",
      "isHook": false,
      "skipped": false
    },
    {
      "title": "点击登录",
      "fullTitle": "用户登录发布话题并回复 点击登录",
      "timedOut": true,
      "duration": 60003,
      "state": "failed",
      "pass": false,
      "fail": true,
      "pending": false,
      "code": "async function () {\n            await web.findElement(by.id('pass')).submit();",
      "err": {
        "message": "Error: Timeout of 60000ms exceeded. For async tests and hooks, ensure \"done()\" is called; if returning a Promise, ensure it resolves.",
        "estack": "Error: Timeout of 60000ms exceeded. For async tests and hooks, ensure \"done()\" is called; if returning a Promise, ensure it resolves."
      },
      "isRoot": false,
      "uuid": "9c1ee210-fa3f-46e6-bf1d-a1b4443bb787",
      "parentUUID": "b72c4564-552b-414d-a559-f4094518c223",
      "isHook": false,
      "skipped": false
    },
    {
      "title": "点击发布话题进入编辑界面",
      "fullTitle": "用户登录发布话题并回复 点击发布话题进入编辑界面",
      "timedOut": false,
      "duration": 74,
      "state": "failed",
      "pass": false,
      "fail": true,
      "pending": false,
      "code": "async function () {\n            let geturl = await web.getCurrentUrl();\n            console.log(\"geturl\", geturl);\n            await web.findElement(by.className('span-success')).click()",
      "err": {
        "message": "ElementNotVisibleError: element not visible\n  (Session info: headless chrome=61.0.3163.91)\n  (Driver info: chromedriver=2.32.498550 (9dec58e66c31bcc53a9ce3c7226f0c1c5810906a),platform=Windows NT 10.0.14393 x86_64)",
        "estack": "ElementNotVisibleError: element not visible\n  (Session info: headless chrome=61.0.3163.91)\n  (Driver info: chromedriver=2.32.498550 (9dec58e66c31bcc53a9ce3c7226f0c1c5810906a),platform=Windows NT 10.0.14393 x86_64)\n    at Object.checkLegacyResponse (node_modules\\selenium-webdriver\\lib\\error.js:529:15)\n    at parseHttpResponse (node_modules\\selenium-webdriver\\lib\\http.js:509:13)\n    at doSend.then.response (node_modules\\selenium-webdriver\\lib\\http.js:441:30)\n    at <anonymous>\n    at process._tickCallback (internal/process/next_tick.js:188:7)\nFrom: Task: WebElement.click()\n    at thenableWebDriverProxy.schedule (node_modules\\selenium-webdriver\\lib\\webdriver.js:807:17)\n    at WebElementPromise.schedule_ (node_modules\\selenium-webdriver\\lib\\webdriver.js:2015:25)\n    at WebElementPromise.click (node_modules\\selenium-webdriver\\lib\\webdriver.js:2096:17)\n    at Context.<anonymous> (headless.js:78:65)\n    at <anonymous>\n    at process._tickCallback (internal/process/next_tick.js:188:7)"
      },
      "isRoot": false,
      "uuid": "8d4c64eb-0426-49ea-ad2f-2ef9b52711cf",
      "parentUUID": "b72c4564-552b-414d-a559-f4094518c223",
      "isHook": false,
      "skipped": false
    },
    {
      "title": "选择模块",
      "fullTitle": "用户登录发布话题并回复 选择模块",
      "timedOut": false,
      "duration": 29,
      "state": "failed",
      "pass": false,
      "fail": true,
      "pending": false,
      "code": "async function () {\n            await web.findElement(by.id('tab-value')).click()\n            await web.findElement(by.css('#tab-value > option:nth-child(2)')).click()    // //选择第二行的元素",
      "err": {
        "message": "NoSuchElementError: no such element: Unable to locate element: {\"method\":\"css selector\",\"selector\":\"*[id=\"tab-value\"]\"}\n  (Session info: headless chrome=61.0.3163.91)\n  (Driver info: chromedriver=2.32.498550 (9dec58e66c31bcc53a9ce3c7226f0c1c5810906a),platform=Windows NT 10.0.14393 x86_64)",
        "estack": "NoSuchElementError: no such element: Unable to locate element: {\"method\":\"css selector\",\"selector\":\"*[id=\"tab-value\"]\"}\n  (Session info: headless chrome=61.0.3163.91)\n  (Driver info: chromedriver=2.32.498550 (9dec58e66c31bcc53a9ce3c7226f0c1c5810906a),platform=Windows NT 10.0.14393 x86_64)\n    at Object.checkLegacyResponse (node_modules\\selenium-webdriver\\lib\\error.js:529:15)\n    at parseHttpResponse (node_modules\\selenium-webdriver\\lib\\http.js:509:13)\n    at doSend.then.response (node_modules\\selenium-webdriver\\lib\\http.js:441:30)\n    at <anonymous>\n    at process._tickCallback (internal/process/next_tick.js:188:7)\nFrom: Task: WebDriver.findElement(By(css selector, *[id=\"tab-value\"]))\n    at thenableWebDriverProxy.schedule (node_modules\\selenium-webdriver\\lib\\webdriver.js:807:17)\n    at thenableWebDriverProxy.findElement (node_modules\\selenium-webdriver\\lib\\webdriver.js:1014:17)\n    at Context.<anonymous> (headless.js:81:23)\nFrom: Task: WebElement.click()\n    at thenableWebDriverProxy.schedule (node_modules\\selenium-webdriver\\lib\\webdriver.js:807:17)\n    at WebElementPromise.schedule_ (node_modules\\selenium-webdriver\\lib\\webdriver.js:2015:25)\n    at WebElementPromise.click (node_modules\\selenium-webdriver\\lib\\webdriver.js:2096:17)\n    at Context.<anonymous> (headless.js:81:55)"
      },
      "isRoot": false,
      "uuid": "35e53177-470f-4c5f-a955-4d5f3ce0f723",
      "parentUUID": "b72c4564-552b-414d-a559-f4094518c223",
      "isHook": false,
      "skipped": false
    },
    {
      "title": "输入标题",
      "fullTitle": "用户登录发布话题并回复 输入标题",
      "timedOut": false,
      "duration": 29,
      "state": "failed",
      "pass": false,
      "fail": true,
      "pending": false,
      "code": "async function () {\n            await web.findElement(by.id('title')).sendKeys('交友聊天相亲招聘交流群')                                 //输入标题",
      "err": {
        "message": "NoSuchElementError: no such element: Unable to locate element: {\"method\":\"css selector\",\"selector\":\"*[id=\"title\"]\"}\n  (Session info: headless chrome=61.0.3163.91)\n  (Driver info: chromedriver=2.32.498550 (9dec58e66c31bcc53a9ce3c7226f0c1c5810906a),platform=Windows NT 10.0.14393 x86_64)",
        "estack": "NoSuchElementError: no such element: Unable to locate element: {\"method\":\"css selector\",\"selector\":\"*[id=\"title\"]\"}\n  (Session info: headless chrome=61.0.3163.91)\n  (Driver info: chromedriver=2.32.498550 (9dec58e66c31bcc53a9ce3c7226f0c1c5810906a),platform=Windows NT 10.0.14393 x86_64)\n    at Object.checkLegacyResponse (node_modules\\selenium-webdriver\\lib\\error.js:529:15)\n    at parseHttpResponse (node_modules\\selenium-webdriver\\lib\\http.js:509:13)\n    at doSend.then.response (node_modules\\selenium-webdriver\\lib\\http.js:441:30)\n    at <anonymous>\n    at process._tickCallback (internal/process/next_tick.js:188:7)\nFrom: Task: WebDriver.findElement(By(css selector, *[id=\"title\"]))\n    at thenableWebDriverProxy.schedule (node_modules\\selenium-webdriver\\lib\\webdriver.js:807:17)\n    at thenableWebDriverProxy.findElement (node_modules\\selenium-webdriver\\lib\\webdriver.js:1014:17)\n    at Context.<anonymous> (headless.js:85:23)\nFrom: Task: WebElement.sendKeys()\n    at thenableWebDriverProxy.schedule (node_modules\\selenium-webdriver\\lib\\webdriver.js:807:17)\n    at WebElementPromise.schedule_ (node_modules\\selenium-webdriver\\lib\\webdriver.js:2015:25)\n    at WebElementPromise.sendKeys (node_modules\\selenium-webdriver\\lib\\webdriver.js:2178:19)\n    at Context.<anonymous> (headless.js:85:51)"
      },
      "isRoot": false,
      "uuid": "40dc177f-fe1e-48b5-a60a-cd688fffa233",
      "parentUUID": "b72c4564-552b-414d-a559-f4094518c223",
      "isHook": false,
      "skipped": false
    },
    {
      "title": "输入正文",
      "fullTitle": "用户登录发布话题并回复 输入正文",
      "timedOut": false,
      "duration": 34,
      "state": "failed",
      "pass": false,
      "fail": true,
      "pending": false,
      "code": "async function () {\n            await web.findElement(by.css('.CodeMirror.cm-s-paper')).click()\n            let txt = web.findElement(by.xpath('//*[@id=\"create_topic_form\"]/fieldset/div/div/div[2]/div[6]/div[2]'))\n            await web.actions().mouseMove(txt).sendKeys(\"可以在楼下回复如：你好啊，交个朋友吧\").perform()",
      "err": {
        "message": "NoSuchElementError: no such element: Unable to locate element: {\"method\":\"css selector\",\"selector\":\".CodeMirror.cm-s-paper\"}\n  (Session info: headless chrome=61.0.3163.91)\n  (Driver info: chromedriver=2.32.498550 (9dec58e66c31bcc53a9ce3c7226f0c1c5810906a),platform=Windows NT 10.0.14393 x86_64)",
        "estack": "NoSuchElementError: no such element: Unable to locate element: {\"method\":\"css selector\",\"selector\":\".CodeMirror.cm-s-paper\"}\n  (Session info: headless chrome=61.0.3163.91)\n  (Driver info: chromedriver=2.32.498550 (9dec58e66c31bcc53a9ce3c7226f0c1c5810906a),platform=Windows NT 10.0.14393 x86_64)\n    at Object.checkLegacyResponse (node_modules\\selenium-webdriver\\lib\\error.js:529:15)\n    at parseHttpResponse (node_modules\\selenium-webdriver\\lib\\http.js:509:13)\n    at doSend.then.response (node_modules\\selenium-webdriver\\lib\\http.js:441:30)\n    at <anonymous>\n    at process._tickCallback (internal/process/next_tick.js:188:7)\nFrom: Task: WebDriver.findElement(By(css selector, .CodeMirror.cm-s-paper))\n    at thenableWebDriverProxy.schedule (node_modules\\selenium-webdriver\\lib\\webdriver.js:807:17)\n    at thenableWebDriverProxy.findElement (node_modules\\selenium-webdriver\\lib\\webdriver.js:1014:17)\n    at Context.<anonymous> (headless.js:88:23)\nFrom: Task: WebElement.click()\n    at thenableWebDriverProxy.schedule (node_modules\\selenium-webdriver\\lib\\webdriver.js:807:17)\n    at WebElementPromise.schedule_ (node_modules\\selenium-webdriver\\lib\\webdriver.js:2015:25)\n    at WebElementPromise.click (node_modules\\selenium-webdriver\\lib\\webdriver.js:2096:17)\n    at Context.<anonymous> (headless.js:88:69)"
      },
      "isRoot": false,
      "uuid": "fbe62b11-99f2-4046-a73e-cf0678107fa5",
      "parentUUID": "b72c4564-552b-414d-a559-f4094518c223",
      "isHook": false,
      "skipped": false
    },
    {
      "title": "添加网址链接",
      "fullTitle": "用户登录发布话题并回复 添加网址链接",
      "timedOut": false,
      "duration": 28,
      "state": "failed",
      "pass": false,
      "fail": true,
      "pending": false,
      "code": "async function () {\n            //定位正文元素 位置并且输入文字\n            await web.findElement(by.className(\"eicon-link\")).click()\n            await web.sleep(1000)\n            await web.findElement(by.xpath('/html/body/div[4]/div[2]/form/div[1]/div/input')).sendKeys('百度')\n            await web.findElement(by.xpath('/html/body/div[4]/div[2]/form/div[2]/div/input')).sendKeys('www.baidu.com')\n            await web.findElement(by.className(\"btn btn-primary\")).click()",
      "err": {
        "message": "NoSuchElementError: no such element: Unable to locate element: {\"method\":\"css selector\",\"selector\":\".eicon-link\"}\n  (Session info: headless chrome=61.0.3163.91)\n  (Driver info: chromedriver=2.32.498550 (9dec58e66c31bcc53a9ce3c7226f0c1c5810906a),platform=Windows NT 10.0.14393 x86_64)",
        "estack": "NoSuchElementError: no such element: Unable to locate element: {\"method\":\"css selector\",\"selector\":\".eicon-link\"}\n  (Session info: headless chrome=61.0.3163.91)\n  (Driver info: chromedriver=2.32.498550 (9dec58e66c31bcc53a9ce3c7226f0c1c5810906a),platform=Windows NT 10.0.14393 x86_64)\n    at Object.checkLegacyResponse (node_modules\\selenium-webdriver\\lib\\error.js:529:15)\n    at parseHttpResponse (node_modules\\selenium-webdriver\\lib\\http.js:509:13)\n    at doSend.then.response (node_modules\\selenium-webdriver\\lib\\http.js:441:30)\n    at <anonymous>\n    at process._tickCallback (internal/process/next_tick.js:188:7)\nFrom: Task: WebDriver.findElement(By(css selector, .eicon-link))\n    at thenableWebDriverProxy.schedule (node_modules\\selenium-webdriver\\lib\\webdriver.js:807:17)\n    at thenableWebDriverProxy.findElement (node_modules\\selenium-webdriver\\lib\\webdriver.js:1014:17)\n    at Context.<anonymous> (headless.js:94:23)\nFrom: Task: WebElement.click()\n    at thenableWebDriverProxy.schedule (node_modules\\selenium-webdriver\\lib\\webdriver.js:807:17)\n    at WebElementPromise.schedule_ (node_modules\\selenium-webdriver\\lib\\webdriver.js:2015:25)\n    at WebElementPromise.click (node_modules\\selenium-webdriver\\lib\\webdriver.js:2096:17)\n    at Context.<anonymous> (headless.js:94:63)"
      },
      "isRoot": false,
      "uuid": "e96d2bdb-73b6-4dc3-8887-fc8447004354",
      "parentUUID": "b72c4564-552b-414d-a559-f4094518c223",
      "isHook": false,
      "skipped": false
    },
    {
      "title": "添加图片",
      "fullTitle": "用户登录发布话题并回复 添加图片",
      "timedOut": false,
      "duration": 0,
      "state": "failed",
      "pass": false,
      "fail": true,
      "pending": false,
      "code": "async function () {\n            web.actions().mouseMove(web.findElement(by.css('.eicon-image'))).click().perform();\n            // await web.findElement(by.css('.eicon-image')).click()\n            await web.findElement(by.name('file')).sendKeys(picpath)",
      "err": {
        "message": "NoSuchElementError: no such element: Unable to locate element: {\"method\":\"css selector\",\"selector\":\".eicon-image\"}\n  (Session info: headless chrome=61.0.3163.91)\n  (Driver info: chromedriver=2.32.498550 (9dec58e66c31bcc53a9ce3c7226f0c1c5810906a),platform=Windows NT 10.0.14393 x86_64)",
        "estack": "NoSuchElementError: no such element: Unable to locate element: {\"method\":\"css selector\",\"selector\":\".eicon-image\"}\n  (Session info: headless chrome=61.0.3163.91)\n  (Driver info: chromedriver=2.32.498550 (9dec58e66c31bcc53a9ce3c7226f0c1c5810906a),platform=Windows NT 10.0.14393 x86_64)\n    at Object.checkLegacyResponse (node_modules\\selenium-webdriver\\lib\\error.js:529:15)\n    at parseHttpResponse (node_modules\\selenium-webdriver\\lib\\http.js:509:13)\n    at doSend.then.response (node_modules\\selenium-webdriver\\lib\\http.js:441:30)\n    at <anonymous>\n    at process._tickCallback (internal/process/next_tick.js:188:7)\nFrom: Task: WebDriver.findElement(By(css selector, .eicon-image))\n    at thenableWebDriverProxy.schedule (node_modules\\selenium-webdriver\\lib\\webdriver.js:807:17)\n    at thenableWebDriverProxy.findElement (node_modules\\selenium-webdriver\\lib\\webdriver.js:1014:17)\n    at Context.<anonymous> (headless.js:101:41)"
      },
      "isRoot": false,
      "uuid": "066c2d91-1f21-4db6-9a38-807bbf1290c5",
      "parentUUID": "b72c4564-552b-414d-a559-f4094518c223",
      "isHook": false,
      "skipped": false
    }
  ],
  "allPending": [],
  "allPasses": [
    {
      "title": "最大化窗口",
      "fullTitle": "用户登录发布话题并回复 最大化窗口",
      "timedOut": false,
      "duration": 111,
      "state": "passed",
      "speed": "slow",
      "pass": true,
      "fail": false,
      "pending": false,
      "code": "async function () {\n           await web.manage().window().maximize()",
      "err": {},
      "isRoot": false,
      "uuid": "9560bc91-6982-437f-a9bd-229d43549e7f",
      "parentUUID": "b72c4564-552b-414d-a559-f4094518c223",
      "isHook": false,
      "skipped": false
    },
    {
      "title": "点击注册按钮",
      "fullTitle": "用户登录发布话题并回复 点击注册按钮",
      "timedOut": false,
      "duration": 425,
      "state": "passed",
      "speed": "slow",
      "pass": true,
      "fail": false,
      "pending": false,
      "code": "async function () {\n            await web.findElement(by.xpath('/html/body/div[1]/div/div/ul/li[5]/a')).click();\n            // await web.findElement(by.css('body > div.navbar > div > div > ul > li:nth-child(5) > a')).click()  // 注册按钮",
      "err": {},
      "isRoot": false,
      "uuid": "3d14e7d7-be46-4bae-98c3-a3aa65373a6b",
      "parentUUID": "b72c4564-552b-414d-a559-f4094518c223",
      "isHook": false,
      "skipped": false
    },
    {
      "title": "进入登录界面",
      "fullTitle": "用户登录发布话题并回复 进入登录界面",
      "timedOut": false,
      "duration": 248,
      "state": "passed",
      "speed": "slow",
      "pass": true,
      "fail": false,
      "pending": false,
      "code": "async function () {\n            await web.findElement(by.css('body > div.navbar > div > div > ul > li:nth-child(6) > a')).click()",
      "err": {},
      "isRoot": false,
      "uuid": "31319f4f-30c6-4b09-9047-a526c60f968e",
      "parentUUID": "b72c4564-552b-414d-a559-f4094518c223",
      "isHook": false,
      "skipped": false
    },
    {
      "title": "输入账号",
      "fullTitle": "用户登录发布话题并回复 输入账号",
      "timedOut": false,
      "duration": 104,
      "state": "passed",
      "speed": "slow",
      "pass": true,
      "fail": false,
      "pending": false,
      "code": "async function () {\n            await web.findElement(by.id('name')).sendKeys('xufeng')",
      "err": {},
      "isRoot": false,
      "uuid": "315fac2c-06c2-4abb-afd9-914de3180312",
      "parentUUID": "b72c4564-552b-414d-a559-f4094518c223",
      "isHook": false,
      "skipped": false
    },
    {
      "title": "输入密码",
      "fullTitle": "用户登录发布话题并回复 输入密码",
      "timedOut": false,
      "duration": 123,
      "state": "passed",
      "speed": "slow",
      "pass": true,
      "fail": false,
      "pending": false,
      "code": "async function () {\n            await web.findElement(by.id('pass')).sendKeys('xf13451082032')",
      "err": {},
      "isRoot": false,
      "uuid": "f7931f6f-6254-4fe0-b2e6-600f4a6f16c5",
      "parentUUID": "b72c4564-552b-414d-a559-f4094518c223",
      "isHook": false,
      "skipped": false
    }
  ],
  "allFailures": [
    {
      "title": "导航到登录页面",
      "fullTitle": "用户登录发布话题并回复 导航到登录页面",
      "timedOut": true,
      "duration": 60004,
      "state": "failed",
      "pass": false,
      "fail": true,
      "pending": false,
      "code": "async function () {\n            await web.get(\"http://192.168.198.129:3000\")",
      "err": {
        "message": "Error: Timeout of 60000ms exceeded. For async tests and hooks, ensure \"done()\" is called; if returning a Promise, ensure it resolves.",
        "estack": "Error: Timeout of 60000ms exceeded. For async tests and hooks, ensure \"done()\" is called; if returning a Promise, ensure it resolves."
      },
      "isRoot": false,
      "uuid": "c5a5c5f9-a9d2-47b9-9dea-ee8e8d0cf128",
      "parentUUID": "b72c4564-552b-414d-a559-f4094518c223",
      "isHook": false,
      "skipped": false
    },
    {
      "title": "点击登录",
      "fullTitle": "用户登录发布话题并回复 点击登录",
      "timedOut": true,
      "duration": 60003,
      "state": "failed",
      "pass": false,
      "fail": true,
      "pending": false,
      "code": "async function () {\n            await web.findElement(by.id('pass')).submit();",
      "err": {
        "message": "Error: Timeout of 60000ms exceeded. For async tests and hooks, ensure \"done()\" is called; if returning a Promise, ensure it resolves.",
        "estack": "Error: Timeout of 60000ms exceeded. For async tests and hooks, ensure \"done()\" is called; if returning a Promise, ensure it resolves."
      },
      "isRoot": false,
      "uuid": "9c1ee210-fa3f-46e6-bf1d-a1b4443bb787",
      "parentUUID": "b72c4564-552b-414d-a559-f4094518c223",
      "isHook": false,
      "skipped": false
    },
    {
      "title": "点击发布话题进入编辑界面",
      "fullTitle": "用户登录发布话题并回复 点击发布话题进入编辑界面",
      "timedOut": false,
      "duration": 74,
      "state": "failed",
      "pass": false,
      "fail": true,
      "pending": false,
      "code": "async function () {\n            let geturl = await web.getCurrentUrl();\n            console.log(\"geturl\", geturl);\n            await web.findElement(by.className('span-success')).click()",
      "err": {
        "message": "ElementNotVisibleError: element not visible\n  (Session info: headless chrome=61.0.3163.91)\n  (Driver info: chromedriver=2.32.498550 (9dec58e66c31bcc53a9ce3c7226f0c1c5810906a),platform=Windows NT 10.0.14393 x86_64)",
        "estack": "ElementNotVisibleError: element not visible\n  (Session info: headless chrome=61.0.3163.91)\n  (Driver info: chromedriver=2.32.498550 (9dec58e66c31bcc53a9ce3c7226f0c1c5810906a),platform=Windows NT 10.0.14393 x86_64)\n    at Object.checkLegacyResponse (node_modules\\selenium-webdriver\\lib\\error.js:529:15)\n    at parseHttpResponse (node_modules\\selenium-webdriver\\lib\\http.js:509:13)\n    at doSend.then.response (node_modules\\selenium-webdriver\\lib\\http.js:441:30)\n    at <anonymous>\n    at process._tickCallback (internal/process/next_tick.js:188:7)\nFrom: Task: WebElement.click()\n    at thenableWebDriverProxy.schedule (node_modules\\selenium-webdriver\\lib\\webdriver.js:807:17)\n    at WebElementPromise.schedule_ (node_modules\\selenium-webdriver\\lib\\webdriver.js:2015:25)\n    at WebElementPromise.click (node_modules\\selenium-webdriver\\lib\\webdriver.js:2096:17)\n    at Context.<anonymous> (headless.js:78:65)\n    at <anonymous>\n    at process._tickCallback (internal/process/next_tick.js:188:7)"
      },
      "isRoot": false,
      "uuid": "8d4c64eb-0426-49ea-ad2f-2ef9b52711cf",
      "parentUUID": "b72c4564-552b-414d-a559-f4094518c223",
      "isHook": false,
      "skipped": false
    },
    {
      "title": "选择模块",
      "fullTitle": "用户登录发布话题并回复 选择模块",
      "timedOut": false,
      "duration": 29,
      "state": "failed",
      "pass": false,
      "fail": true,
      "pending": false,
      "code": "async function () {\n            await web.findElement(by.id('tab-value')).click()\n            await web.findElement(by.css('#tab-value > option:nth-child(2)')).click()    // //选择第二行的元素",
      "err": {
        "message": "NoSuchElementError: no such element: Unable to locate element: {\"method\":\"css selector\",\"selector\":\"*[id=\"tab-value\"]\"}\n  (Session info: headless chrome=61.0.3163.91)\n  (Driver info: chromedriver=2.32.498550 (9dec58e66c31bcc53a9ce3c7226f0c1c5810906a),platform=Windows NT 10.0.14393 x86_64)",
        "estack": "NoSuchElementError: no such element: Unable to locate element: {\"method\":\"css selector\",\"selector\":\"*[id=\"tab-value\"]\"}\n  (Session info: headless chrome=61.0.3163.91)\n  (Driver info: chromedriver=2.32.498550 (9dec58e66c31bcc53a9ce3c7226f0c1c5810906a),platform=Windows NT 10.0.14393 x86_64)\n    at Object.checkLegacyResponse (node_modules\\selenium-webdriver\\lib\\error.js:529:15)\n    at parseHttpResponse (node_modules\\selenium-webdriver\\lib\\http.js:509:13)\n    at doSend.then.response (node_modules\\selenium-webdriver\\lib\\http.js:441:30)\n    at <anonymous>\n    at process._tickCallback (internal/process/next_tick.js:188:7)\nFrom: Task: WebDriver.findElement(By(css selector, *[id=\"tab-value\"]))\n    at thenableWebDriverProxy.schedule (node_modules\\selenium-webdriver\\lib\\webdriver.js:807:17)\n    at thenableWebDriverProxy.findElement (node_modules\\selenium-webdriver\\lib\\webdriver.js:1014:17)\n    at Context.<anonymous> (headless.js:81:23)\nFrom: Task: WebElement.click()\n    at thenableWebDriverProxy.schedule (node_modules\\selenium-webdriver\\lib\\webdriver.js:807:17)\n    at WebElementPromise.schedule_ (node_modules\\selenium-webdriver\\lib\\webdriver.js:2015:25)\n    at WebElementPromise.click (node_modules\\selenium-webdriver\\lib\\webdriver.js:2096:17)\n    at Context.<anonymous> (headless.js:81:55)"
      },
      "isRoot": false,
      "uuid": "35e53177-470f-4c5f-a955-4d5f3ce0f723",
      "parentUUID": "b72c4564-552b-414d-a559-f4094518c223",
      "isHook": false,
      "skipped": false
    },
    {
      "title": "输入标题",
      "fullTitle": "用户登录发布话题并回复 输入标题",
      "timedOut": false,
      "duration": 29,
      "state": "failed",
      "pass": false,
      "fail": true,
      "pending": false,
      "code": "async function () {\n            await web.findElement(by.id('title')).sendKeys('交友聊天相亲招聘交流群')                                 //输入标题",
      "err": {
        "message": "NoSuchElementError: no such element: Unable to locate element: {\"method\":\"css selector\",\"selector\":\"*[id=\"title\"]\"}\n  (Session info: headless chrome=61.0.3163.91)\n  (Driver info: chromedriver=2.32.498550 (9dec58e66c31bcc53a9ce3c7226f0c1c5810906a),platform=Windows NT 10.0.14393 x86_64)",
        "estack": "NoSuchElementError: no such element: Unable to locate element: {\"method\":\"css selector\",\"selector\":\"*[id=\"title\"]\"}\n  (Session info: headless chrome=61.0.3163.91)\n  (Driver info: chromedriver=2.32.498550 (9dec58e66c31bcc53a9ce3c7226f0c1c5810906a),platform=Windows NT 10.0.14393 x86_64)\n    at Object.checkLegacyResponse (node_modules\\selenium-webdriver\\lib\\error.js:529:15)\n    at parseHttpResponse (node_modules\\selenium-webdriver\\lib\\http.js:509:13)\n    at doSend.then.response (node_modules\\selenium-webdriver\\lib\\http.js:441:30)\n    at <anonymous>\n    at process._tickCallback (internal/process/next_tick.js:188:7)\nFrom: Task: WebDriver.findElement(By(css selector, *[id=\"title\"]))\n    at thenableWebDriverProxy.schedule (node_modules\\selenium-webdriver\\lib\\webdriver.js:807:17)\n    at thenableWebDriverProxy.findElement (node_modules\\selenium-webdriver\\lib\\webdriver.js:1014:17)\n    at Context.<anonymous> (headless.js:85:23)\nFrom: Task: WebElement.sendKeys()\n    at thenableWebDriverProxy.schedule (node_modules\\selenium-webdriver\\lib\\webdriver.js:807:17)\n    at WebElementPromise.schedule_ (node_modules\\selenium-webdriver\\lib\\webdriver.js:2015:25)\n    at WebElementPromise.sendKeys (node_modules\\selenium-webdriver\\lib\\webdriver.js:2178:19)\n    at Context.<anonymous> (headless.js:85:51)"
      },
      "isRoot": false,
      "uuid": "40dc177f-fe1e-48b5-a60a-cd688fffa233",
      "parentUUID": "b72c4564-552b-414d-a559-f4094518c223",
      "isHook": false,
      "skipped": false
    },
    {
      "title": "输入正文",
      "fullTitle": "用户登录发布话题并回复 输入正文",
      "timedOut": false,
      "duration": 34,
      "state": "failed",
      "pass": false,
      "fail": true,
      "pending": false,
      "code": "async function () {\n            await web.findElement(by.css('.CodeMirror.cm-s-paper')).click()\n            let txt = web.findElement(by.xpath('//*[@id=\"create_topic_form\"]/fieldset/div/div/div[2]/div[6]/div[2]'))\n            await web.actions().mouseMove(txt).sendKeys(\"可以在楼下回复如：你好啊，交个朋友吧\").perform()",
      "err": {
        "message": "NoSuchElementError: no such element: Unable to locate element: {\"method\":\"css selector\",\"selector\":\".CodeMirror.cm-s-paper\"}\n  (Session info: headless chrome=61.0.3163.91)\n  (Driver info: chromedriver=2.32.498550 (9dec58e66c31bcc53a9ce3c7226f0c1c5810906a),platform=Windows NT 10.0.14393 x86_64)",
        "estack": "NoSuchElementError: no such element: Unable to locate element: {\"method\":\"css selector\",\"selector\":\".CodeMirror.cm-s-paper\"}\n  (Session info: headless chrome=61.0.3163.91)\n  (Driver info: chromedriver=2.32.498550 (9dec58e66c31bcc53a9ce3c7226f0c1c5810906a),platform=Windows NT 10.0.14393 x86_64)\n    at Object.checkLegacyResponse (node_modules\\selenium-webdriver\\lib\\error.js:529:15)\n    at parseHttpResponse (node_modules\\selenium-webdriver\\lib\\http.js:509:13)\n    at doSend.then.response (node_modules\\selenium-webdriver\\lib\\http.js:441:30)\n    at <anonymous>\n    at process._tickCallback (internal/process/next_tick.js:188:7)\nFrom: Task: WebDriver.findElement(By(css selector, .CodeMirror.cm-s-paper))\n    at thenableWebDriverProxy.schedule (node_modules\\selenium-webdriver\\lib\\webdriver.js:807:17)\n    at thenableWebDriverProxy.findElement (node_modules\\selenium-webdriver\\lib\\webdriver.js:1014:17)\n    at Context.<anonymous> (headless.js:88:23)\nFrom: Task: WebElement.click()\n    at thenableWebDriverProxy.schedule (node_modules\\selenium-webdriver\\lib\\webdriver.js:807:17)\n    at WebElementPromise.schedule_ (node_modules\\selenium-webdriver\\lib\\webdriver.js:2015:25)\n    at WebElementPromise.click (node_modules\\selenium-webdriver\\lib\\webdriver.js:2096:17)\n    at Context.<anonymous> (headless.js:88:69)"
      },
      "isRoot": false,
      "uuid": "fbe62b11-99f2-4046-a73e-cf0678107fa5",
      "parentUUID": "b72c4564-552b-414d-a559-f4094518c223",
      "isHook": false,
      "skipped": false
    },
    {
      "title": "添加网址链接",
      "fullTitle": "用户登录发布话题并回复 添加网址链接",
      "timedOut": false,
      "duration": 28,
      "state": "failed",
      "pass": false,
      "fail": true,
      "pending": false,
      "code": "async function () {\n            //定位正文元素 位置并且输入文字\n            await web.findElement(by.className(\"eicon-link\")).click()\n            await web.sleep(1000)\n            await web.findElement(by.xpath('/html/body/div[4]/div[2]/form/div[1]/div/input')).sendKeys('百度')\n            await web.findElement(by.xpath('/html/body/div[4]/div[2]/form/div[2]/div/input')).sendKeys('www.baidu.com')\n            await web.findElement(by.className(\"btn btn-primary\")).click()",
      "err": {
        "message": "NoSuchElementError: no such element: Unable to locate element: {\"method\":\"css selector\",\"selector\":\".eicon-link\"}\n  (Session info: headless chrome=61.0.3163.91)\n  (Driver info: chromedriver=2.32.498550 (9dec58e66c31bcc53a9ce3c7226f0c1c5810906a),platform=Windows NT 10.0.14393 x86_64)",
        "estack": "NoSuchElementError: no such element: Unable to locate element: {\"method\":\"css selector\",\"selector\":\".eicon-link\"}\n  (Session info: headless chrome=61.0.3163.91)\n  (Driver info: chromedriver=2.32.498550 (9dec58e66c31bcc53a9ce3c7226f0c1c5810906a),platform=Windows NT 10.0.14393 x86_64)\n    at Object.checkLegacyResponse (node_modules\\selenium-webdriver\\lib\\error.js:529:15)\n    at parseHttpResponse (node_modules\\selenium-webdriver\\lib\\http.js:509:13)\n    at doSend.then.response (node_modules\\selenium-webdriver\\lib\\http.js:441:30)\n    at <anonymous>\n    at process._tickCallback (internal/process/next_tick.js:188:7)\nFrom: Task: WebDriver.findElement(By(css selector, .eicon-link))\n    at thenableWebDriverProxy.schedule (node_modules\\selenium-webdriver\\lib\\webdriver.js:807:17)\n    at thenableWebDriverProxy.findElement (node_modules\\selenium-webdriver\\lib\\webdriver.js:1014:17)\n    at Context.<anonymous> (headless.js:94:23)\nFrom: Task: WebElement.click()\n    at thenableWebDriverProxy.schedule (node_modules\\selenium-webdriver\\lib\\webdriver.js:807:17)\n    at WebElementPromise.schedule_ (node_modules\\selenium-webdriver\\lib\\webdriver.js:2015:25)\n    at WebElementPromise.click (node_modules\\selenium-webdriver\\lib\\webdriver.js:2096:17)\n    at Context.<anonymous> (headless.js:94:63)"
      },
      "isRoot": false,
      "uuid": "e96d2bdb-73b6-4dc3-8887-fc8447004354",
      "parentUUID": "b72c4564-552b-414d-a559-f4094518c223",
      "isHook": false,
      "skipped": false
    },
    {
      "title": "添加图片",
      "fullTitle": "用户登录发布话题并回复 添加图片",
      "timedOut": false,
      "duration": 0,
      "state": "failed",
      "pass": false,
      "fail": true,
      "pending": false,
      "code": "async function () {\n            web.actions().mouseMove(web.findElement(by.css('.eicon-image'))).click().perform();\n            // await web.findElement(by.css('.eicon-image')).click()\n            await web.findElement(by.name('file')).sendKeys(picpath)",
      "err": {
        "message": "NoSuchElementError: no such element: Unable to locate element: {\"method\":\"css selector\",\"selector\":\".eicon-image\"}\n  (Session info: headless chrome=61.0.3163.91)\n  (Driver info: chromedriver=2.32.498550 (9dec58e66c31bcc53a9ce3c7226f0c1c5810906a),platform=Windows NT 10.0.14393 x86_64)",
        "estack": "NoSuchElementError: no such element: Unable to locate element: {\"method\":\"css selector\",\"selector\":\".eicon-image\"}\n  (Session info: headless chrome=61.0.3163.91)\n  (Driver info: chromedriver=2.32.498550 (9dec58e66c31bcc53a9ce3c7226f0c1c5810906a),platform=Windows NT 10.0.14393 x86_64)\n    at Object.checkLegacyResponse (node_modules\\selenium-webdriver\\lib\\error.js:529:15)\n    at parseHttpResponse (node_modules\\selenium-webdriver\\lib\\http.js:509:13)\n    at doSend.then.response (node_modules\\selenium-webdriver\\lib\\http.js:441:30)\n    at <anonymous>\n    at process._tickCallback (internal/process/next_tick.js:188:7)\nFrom: Task: WebDriver.findElement(By(css selector, .eicon-image))\n    at thenableWebDriverProxy.schedule (node_modules\\selenium-webdriver\\lib\\webdriver.js:807:17)\n    at thenableWebDriverProxy.findElement (node_modules\\selenium-webdriver\\lib\\webdriver.js:1014:17)\n    at Context.<anonymous> (headless.js:101:41)"
      },
      "isRoot": false,
      "uuid": "066c2d91-1f21-4db6-9a38-807bbf1290c5",
      "parentUUID": "b72c4564-552b-414d-a559-f4094518c223",
      "isHook": false,
      "skipped": false
    }
  ],
  "copyrightYear": 2017
}