{
  "stats": {
    "suites": 6,
    "tests": 26,
    "passes": 26,
    "pending": 0,
    "failures": 0,
    "start": "2017-09-23T04:09:49.864Z",
    "end": "2017-09-23T04:10:19.350Z",
    "duration": 29486,
    "testsRegistered": 26,
    "passPercent": 100,
    "pendingPercent": 0,
    "other": 0,
    "hasOther": false,
    "skipped": 0,
    "hasSkipped": false,
    "passPercentClass": "success",
    "pendingPercentClass": "danger"
  },
  "suites": {
    "title": "",
    "suites": [
      {
        "title": "hooks",
        "suites": [
          {
            "title": "用户登录发布话题并回复",
            "suites": [
              {
                "title": "注册",
                "suites": [],
                "tests": [
                  {
                    "title": "打开网站并最大化窗口",
                    "fullTitle": "用户登录发布话题并回复 注册 打开网站并最大化窗口",
                    "timedOut": false,
                    "duration": 109,
                    "state": "passed",
                    "speed": "slow",
                    "pass": true,
                    "fail": false,
                    "pending": false,
                    "code": "return web.manage().window().maximize()",
                    "err": {},
                    "isRoot": false,
                    "uuid": "e2f08e02-031d-4635-ba27-56f20792c081",
                    "parentUUID": "58f418f6-d1f3-45ba-8877-6b9a220a50f3",
                    "isHook": false,
                    "skipped": false
                  },
                  {
                    "title": "导航到登录页面",
                    "fullTitle": "用户登录发布话题并回复 注册 导航到登录页面",
                    "timedOut": false,
                    "duration": 3150,
                    "state": "passed",
                    "speed": "slow",
                    "pass": true,
                    "fail": false,
                    "pending": false,
                    "code": "return web.get(\"http://192.168.198.129:3000\")",
                    "err": {},
                    "isRoot": false,
                    "uuid": "372e0da8-b0a4-4f40-80ba-b02b2248fc12",
                    "parentUUID": "58f418f6-d1f3-45ba-8877-6b9a220a50f3",
                    "isHook": false,
                    "skipped": false
                  },
                  {
                    "title": "最大化窗口",
                    "fullTitle": "用户登录发布话题并回复 注册 最大化窗口",
                    "timedOut": false,
                    "duration": 0,
                    "state": "passed",
                    "speed": "fast",
                    "pass": true,
                    "fail": false,
                    "pending": false,
                    "code": "async function () {\n                //await web.manage().window().maximize()",
                    "err": {},
                    "isRoot": false,
                    "uuid": "10f7b0a5-c977-481c-9342-576878cf09b2",
                    "parentUUID": "58f418f6-d1f3-45ba-8877-6b9a220a50f3",
                    "isHook": false,
                    "skipped": false
                  },
                  {
                    "title": "点击注册按钮",
                    "fullTitle": "用户登录发布话题并回复 注册 点击注册按钮",
                    "timedOut": false,
                    "duration": 622,
                    "state": "passed",
                    "speed": "slow",
                    "pass": true,
                    "fail": false,
                    "pending": false,
                    "code": "async function () {\n                await web.findElement(by.xpath('/html/body/div[1]/div/div/ul/li[5]/a')).click();\n                // await web.findElement(by.css('body > div.navbar > div > div > ul > li:nth-child(5) > a')).click()  // 注册按钮",
                    "err": {},
                    "isRoot": false,
                    "uuid": "43e6cc79-9663-4bcd-8067-495b16fc3986",
                    "parentUUID": "58f418f6-d1f3-45ba-8877-6b9a220a50f3",
                    "isHook": false,
                    "skipped": false
                  },
                  {
                    "title": "输入用户名",
                    "fullTitle": "用户登录发布话题并回复 注册 输入用户名",
                    "timedOut": false,
                    "duration": 163,
                    "state": "passed",
                    "speed": "slow",
                    "pass": true,
                    "fail": false,
                    "pending": false,
                    "code": "async function () {\n                await web.findElement(by.id('loginname')).sendKeys(sunny)",
                    "err": {},
                    "isRoot": false,
                    "uuid": "edbbece6-9602-4ebf-9a82-d85b06b57e72",
                    "parentUUID": "58f418f6-d1f3-45ba-8877-6b9a220a50f3",
                    "isHook": false,
                    "skipped": false
                  },
                  {
                    "title": "输入密码并确认密码",
                    "fullTitle": "用户登录发布话题并回复 注册 输入密码并确认密码",
                    "timedOut": false,
                    "duration": 207,
                    "state": "passed",
                    "speed": "slow",
                    "pass": true,
                    "fail": false,
                    "pending": false,
                    "code": "async function () {\n                await web.findElement(by.id('pass')).sendKeys('123456')\n                await web.findElement(by.id('re_pass')).sendKeys('123456')",
                    "err": {},
                    "isRoot": false,
                    "uuid": "dafba55a-5868-4774-bb66-908078cc6a8f",
                    "parentUUID": "58f418f6-d1f3-45ba-8877-6b9a220a50f3",
                    "isHook": false,
                    "skipped": false
                  },
                  {
                    "title": "输入邮箱",
                    "fullTitle": "用户登录发布话题并回复 注册 输入邮箱",
                    "timedOut": false,
                    "duration": 160,
                    "state": "passed",
                    "speed": "slow",
                    "pass": true,
                    "fail": false,
                    "pending": false,
                    "code": "async function () {\n                await web.findElement(by.id('email')).sendKeys(sunny + `@qq.com`)  // user+\"@domain.com\"",
                    "err": {},
                    "isRoot": false,
                    "uuid": "bc5b69df-c059-4a30-a346-9127b73d737a",
                    "parentUUID": "58f418f6-d1f3-45ba-8877-6b9a220a50f3",
                    "isHook": false,
                    "skipped": false
                  },
                  {
                    "title": "点击注册并发送邮件",
                    "fullTitle": "用户登录发布话题并回复 注册 点击注册并发送邮件",
                    "timedOut": false,
                    "duration": 941,
                    "state": "passed",
                    "speed": "slow",
                    "pass": true,
                    "fail": false,
                    "pending": false,
                    "code": "async function () {\n                await web.findElement(by.css('.span-primary')).click().then(function () {\n                    MongoClient.connect(url, function (err, db) {\n                        assert.equal(null, err);\n                        console.log(\"Connected correctly to server\");\n                        let collection = db.collection(\"users\")\n                        collection.find().toArray(\n                            function (err, docs) {\n                                assert.equal(null, err);\n                                // console.log(docs)\n                            }\n                        )\n                        collection.findOne({ name: `${sunny}` }, function (err, docs) {\n                            //console.log(docs.name)\n                            assert.equal(err, null)\n                            assert.equal(`${sunny}`, docs.name)\n                        })\n                        collection.updateOne({ name: `${sunny}` }, { $set: { \"active\": true } }, function (err, docs) {\n                            assert.equal(null, err);\n                            //console.log(docs)\n                        })\n                        db.close();\n                    });\n                })",
                    "err": {},
                    "isRoot": false,
                    "uuid": "e1f53cdc-621c-4f17-8a70-3e32c68f85d1",
                    "parentUUID": "58f418f6-d1f3-45ba-8877-6b9a220a50f3",
                    "isHook": false,
                    "skipped": false
                  }
                ],
                "pending": [],
                "root": false,
                "_timeout": 120000,
                "file": "\\webTesk01.js",
                "uuid": "58f418f6-d1f3-45ba-8877-6b9a220a50f3",
                "beforeHooks": [],
                "afterHooks": [],
                "fullFile": "D:\\AutoTest\\MyProject\\SeleniumWebTask\\webTesk01.js",
                "passes": [
                  {
                    "title": "打开网站并最大化窗口",
                    "fullTitle": "用户登录发布话题并回复 注册 打开网站并最大化窗口",
                    "timedOut": false,
                    "duration": 109,
                    "state": "passed",
                    "speed": "slow",
                    "pass": true,
                    "fail": false,
                    "pending": false,
                    "code": "return web.manage().window().maximize()",
                    "err": {},
                    "isRoot": false,
                    "uuid": "e2f08e02-031d-4635-ba27-56f20792c081",
                    "parentUUID": "58f418f6-d1f3-45ba-8877-6b9a220a50f3",
                    "isHook": false,
                    "skipped": false
                  },
                  {
                    "title": "导航到登录页面",
                    "fullTitle": "用户登录发布话题并回复 注册 导航到登录页面",
                    "timedOut": false,
                    "duration": 3150,
                    "state": "passed",
                    "speed": "slow",
                    "pass": true,
                    "fail": false,
                    "pending": false,
                    "code": "return web.get(\"http://192.168.198.129:3000\")",
                    "err": {},
                    "isRoot": false,
                    "uuid": "372e0da8-b0a4-4f40-80ba-b02b2248fc12",
                    "parentUUID": "58f418f6-d1f3-45ba-8877-6b9a220a50f3",
                    "isHook": false,
                    "skipped": false
                  },
                  {
                    "title": "最大化窗口",
                    "fullTitle": "用户登录发布话题并回复 注册 最大化窗口",
                    "timedOut": false,
                    "duration": 0,
                    "state": "passed",
                    "speed": "fast",
                    "pass": true,
                    "fail": false,
                    "pending": false,
                    "code": "async function () {\n                //await web.manage().window().maximize()",
                    "err": {},
                    "isRoot": false,
                    "uuid": "10f7b0a5-c977-481c-9342-576878cf09b2",
                    "parentUUID": "58f418f6-d1f3-45ba-8877-6b9a220a50f3",
                    "isHook": false,
                    "skipped": false
                  },
                  {
                    "title": "点击注册按钮",
                    "fullTitle": "用户登录发布话题并回复 注册 点击注册按钮",
                    "timedOut": false,
                    "duration": 622,
                    "state": "passed",
                    "speed": "slow",
                    "pass": true,
                    "fail": false,
                    "pending": false,
                    "code": "async function () {\n                await web.findElement(by.xpath('/html/body/div[1]/div/div/ul/li[5]/a')).click();\n                // await web.findElement(by.css('body > div.navbar > div > div > ul > li:nth-child(5) > a')).click()  // 注册按钮",
                    "err": {},
                    "isRoot": false,
                    "uuid": "43e6cc79-9663-4bcd-8067-495b16fc3986",
                    "parentUUID": "58f418f6-d1f3-45ba-8877-6b9a220a50f3",
                    "isHook": false,
                    "skipped": false
                  },
                  {
                    "title": "输入用户名",
                    "fullTitle": "用户登录发布话题并回复 注册 输入用户名",
                    "timedOut": false,
                    "duration": 163,
                    "state": "passed",
                    "speed": "slow",
                    "pass": true,
                    "fail": false,
                    "pending": false,
                    "code": "async function () {\n                await web.findElement(by.id('loginname')).sendKeys(sunny)",
                    "err": {},
                    "isRoot": false,
                    "uuid": "edbbece6-9602-4ebf-9a82-d85b06b57e72",
                    "parentUUID": "58f418f6-d1f3-45ba-8877-6b9a220a50f3",
                    "isHook": false,
                    "skipped": false
                  },
                  {
                    "title": "输入密码并确认密码",
                    "fullTitle": "用户登录发布话题并回复 注册 输入密码并确认密码",
                    "timedOut": false,
                    "duration": 207,
                    "state": "passed",
                    "speed": "slow",
                    "pass": true,
                    "fail": false,
                    "pending": false,
                    "code": "async function () {\n                await web.findElement(by.id('pass')).sendKeys('123456')\n                await web.findElement(by.id('re_pass')).sendKeys('123456')",
                    "err": {},
                    "isRoot": false,
                    "uuid": "dafba55a-5868-4774-bb66-908078cc6a8f",
                    "parentUUID": "58f418f6-d1f3-45ba-8877-6b9a220a50f3",
                    "isHook": false,
                    "skipped": false
                  },
                  {
                    "title": "输入邮箱",
                    "fullTitle": "用户登录发布话题并回复 注册 输入邮箱",
                    "timedOut": false,
                    "duration": 160,
                    "state": "passed",
                    "speed": "slow",
                    "pass": true,
                    "fail": false,
                    "pending": false,
                    "code": "async function () {\n                await web.findElement(by.id('email')).sendKeys(sunny + `@qq.com`)  // user+\"@domain.com\"",
                    "err": {},
                    "isRoot": false,
                    "uuid": "bc5b69df-c059-4a30-a346-9127b73d737a",
                    "parentUUID": "58f418f6-d1f3-45ba-8877-6b9a220a50f3",
                    "isHook": false,
                    "skipped": false
                  },
                  {
                    "title": "点击注册并发送邮件",
                    "fullTitle": "用户登录发布话题并回复 注册 点击注册并发送邮件",
                    "timedOut": false,
                    "duration": 941,
                    "state": "passed",
                    "speed": "slow",
                    "pass": true,
                    "fail": false,
                    "pending": false,
                    "code": "async function () {\n                await web.findElement(by.css('.span-primary')).click().then(function () {\n                    MongoClient.connect(url, function (err, db) {\n                        assert.equal(null, err);\n                        console.log(\"Connected correctly to server\");\n                        let collection = db.collection(\"users\")\n                        collection.find().toArray(\n                            function (err, docs) {\n                                assert.equal(null, err);\n                                // console.log(docs)\n                            }\n                        )\n                        collection.findOne({ name: `${sunny}` }, function (err, docs) {\n                            //console.log(docs.name)\n                            assert.equal(err, null)\n                            assert.equal(`${sunny}`, docs.name)\n                        })\n                        collection.updateOne({ name: `${sunny}` }, { $set: { \"active\": true } }, function (err, docs) {\n                            assert.equal(null, err);\n                            //console.log(docs)\n                        })\n                        db.close();\n                    });\n                })",
                    "err": {},
                    "isRoot": false,
                    "uuid": "e1f53cdc-621c-4f17-8a70-3e32c68f85d1",
                    "parentUUID": "58f418f6-d1f3-45ba-8877-6b9a220a50f3",
                    "isHook": false,
                    "skipped": false
                  }
                ],
                "failures": [],
                "skipped": [],
                "hasBeforeHooks": false,
                "hasAfterHooks": false,
                "hasTests": true,
                "hasSuites": false,
                "totalTests": 8,
                "totalPasses": 8,
                "totalFailures": 0,
                "totalPending": 0,
                "totalSkipped": 0,
                "hasPasses": true,
                "hasFailures": false,
                "hasPending": false,
                "hasSkipped": false,
                "duration": 5352,
                "rootEmpty": false
              },
              {
                "title": "登录",
                "suites": [],
                "tests": [
                  {
                    "title": "进入登录界面",
                    "fullTitle": "用户登录发布话题并回复 登录 进入登录界面",
                    "timedOut": false,
                    "duration": 474,
                    "state": "passed",
                    "speed": "slow",
                    "pass": true,
                    "fail": false,
                    "pending": false,
                    "code": "async function () {\n                await web.findElement(by.css('body > div.navbar > div > div > ul > li:nth-child(6) > a')).click()",
                    "err": {},
                    "isRoot": false,
                    "uuid": "b770369e-d5be-459a-b353-92ff14170a44",
                    "parentUUID": "174a533e-2387-4ab8-a3ef-f22ba5923601",
                    "isHook": false,
                    "skipped": false
                  },
                  {
                    "title": "输入账号",
                    "fullTitle": "用户登录发布话题并回复 登录 输入账号",
                    "timedOut": false,
                    "duration": 108,
                    "state": "passed",
                    "speed": "slow",
                    "pass": true,
                    "fail": false,
                    "pending": false,
                    "code": "async function () {\n                await web.findElement(by.id('name')).sendKeys(\"xufeng\")",
                    "err": {},
                    "isRoot": false,
                    "uuid": "614af876-8137-4359-b9bd-ffde501298da",
                    "parentUUID": "174a533e-2387-4ab8-a3ef-f22ba5923601",
                    "isHook": false,
                    "skipped": false
                  },
                  {
                    "title": "输入密码",
                    "fullTitle": "用户登录发布话题并回复 登录 输入密码",
                    "timedOut": false,
                    "duration": 115,
                    "state": "passed",
                    "speed": "slow",
                    "pass": true,
                    "fail": false,
                    "pending": false,
                    "code": "async function () {\n                await web.findElement(by.id('pass')).sendKeys('xf13451082032')",
                    "err": {},
                    "isRoot": false,
                    "uuid": "8f006535-8e66-48e4-b983-642d5745d0da",
                    "parentUUID": "174a533e-2387-4ab8-a3ef-f22ba5923601",
                    "isHook": false,
                    "skipped": false
                  },
                  {
                    "title": "点击登录",
                    "fullTitle": "用户登录发布话题并回复 登录 点击登录",
                    "timedOut": false,
                    "duration": 903,
                    "state": "passed",
                    "speed": "slow",
                    "pass": true,
                    "fail": false,
                    "pending": false,
                    "code": "async function () {\n                await web.findElement(by.id('pass')).submit();",
                    "err": {},
                    "isRoot": false,
                    "uuid": "52030ee5-fdfe-4863-bd6b-e1eae55ccfeb",
                    "parentUUID": "174a533e-2387-4ab8-a3ef-f22ba5923601",
                    "isHook": false,
                    "skipped": false
                  }
                ],
                "pending": [],
                "root": false,
                "_timeout": 120000,
                "file": "\\webTesk01.js",
                "uuid": "174a533e-2387-4ab8-a3ef-f22ba5923601",
                "beforeHooks": [],
                "afterHooks": [],
                "fullFile": "D:\\AutoTest\\MyProject\\SeleniumWebTask\\webTesk01.js",
                "passes": [
                  {
                    "title": "进入登录界面",
                    "fullTitle": "用户登录发布话题并回复 登录 进入登录界面",
                    "timedOut": false,
                    "duration": 474,
                    "state": "passed",
                    "speed": "slow",
                    "pass": true,
                    "fail": false,
                    "pending": false,
                    "code": "async function () {\n                await web.findElement(by.css('body > div.navbar > div > div > ul > li:nth-child(6) > a')).click()",
                    "err": {},
                    "isRoot": false,
                    "uuid": "b770369e-d5be-459a-b353-92ff14170a44",
                    "parentUUID": "174a533e-2387-4ab8-a3ef-f22ba5923601",
                    "isHook": false,
                    "skipped": false
                  },
                  {
                    "title": "输入账号",
                    "fullTitle": "用户登录发布话题并回复 登录 输入账号",
                    "timedOut": false,
                    "duration": 108,
                    "state": "passed",
                    "speed": "slow",
                    "pass": true,
                    "fail": false,
                    "pending": false,
                    "code": "async function () {\n                await web.findElement(by.id('name')).sendKeys(\"xufeng\")",
                    "err": {},
                    "isRoot": false,
                    "uuid": "614af876-8137-4359-b9bd-ffde501298da",
                    "parentUUID": "174a533e-2387-4ab8-a3ef-f22ba5923601",
                    "isHook": false,
                    "skipped": false
                  },
                  {
                    "title": "输入密码",
                    "fullTitle": "用户登录发布话题并回复 登录 输入密码",
                    "timedOut": false,
                    "duration": 115,
                    "state": "passed",
                    "speed": "slow",
                    "pass": true,
                    "fail": false,
                    "pending": false,
                    "code": "async function () {\n                await web.findElement(by.id('pass')).sendKeys('xf13451082032')",
                    "err": {},
                    "isRoot": false,
                    "uuid": "8f006535-8e66-48e4-b983-642d5745d0da",
                    "parentUUID": "174a533e-2387-4ab8-a3ef-f22ba5923601",
                    "isHook": false,
                    "skipped": false
                  },
                  {
                    "title": "点击登录",
                    "fullTitle": "用户登录发布话题并回复 登录 点击登录",
                    "timedOut": false,
                    "duration": 903,
                    "state": "passed",
                    "speed": "slow",
                    "pass": true,
                    "fail": false,
                    "pending": false,
                    "code": "async function () {\n                await web.findElement(by.id('pass')).submit();",
                    "err": {},
                    "isRoot": false,
                    "uuid": "52030ee5-fdfe-4863-bd6b-e1eae55ccfeb",
                    "parentUUID": "174a533e-2387-4ab8-a3ef-f22ba5923601",
                    "isHook": false,
                    "skipped": false
                  }
                ],
                "failures": [],
                "skipped": [],
                "hasBeforeHooks": false,
                "hasAfterHooks": false,
                "hasTests": true,
                "hasSuites": false,
                "totalTests": 4,
                "totalPasses": 4,
                "totalFailures": 0,
                "totalPending": 0,
                "totalSkipped": 0,
                "hasPasses": true,
                "hasFailures": false,
                "hasPending": false,
                "hasSkipped": false,
                "duration": 1600,
                "rootEmpty": false
              },
              {
                "title": "发布话题",
                "suites": [],
                "tests": [
                  {
                    "title": "点击发布话题进入编辑界面",
                    "fullTitle": "用户登录发布话题并回复 发布话题 点击发布话题进入编辑界面",
                    "timedOut": false,
                    "duration": 1302,
                    "state": "passed",
                    "speed": "slow",
                    "pass": true,
                    "fail": false,
                    "pending": false,
                    "code": "async function () {\n                await web.findElement(by.className('span-success')).click()",
                    "err": {},
                    "isRoot": false,
                    "uuid": "938729f1-ecd0-441c-927f-467dbfe8ec65",
                    "parentUUID": "071fe622-e1b6-45a6-bf5a-3d3fe5618c37",
                    "isHook": false,
                    "skipped": false
                  },
                  {
                    "title": "选择模块",
                    "fullTitle": "用户登录发布话题并回复 发布话题 选择模块",
                    "timedOut": false,
                    "duration": 321,
                    "state": "passed",
                    "speed": "slow",
                    "pass": true,
                    "fail": false,
                    "pending": false,
                    "code": "async function () {\n                await web.findElement(by.id('tab-value')).click()\n                await web.findElement(by.css('#tab-value > option:nth-child(2)')).click()    // //选择第二行的元素",
                    "err": {},
                    "isRoot": false,
                    "uuid": "595fc7dd-b398-4113-8727-d88e38ac365d",
                    "parentUUID": "071fe622-e1b6-45a6-bf5a-3d3fe5618c37",
                    "isHook": false,
                    "skipped": false
                  },
                  {
                    "title": "输入标题",
                    "fullTitle": "用户登录发布话题并回复 发布话题 输入标题",
                    "timedOut": false,
                    "duration": 151,
                    "state": "passed",
                    "speed": "slow",
                    "pass": true,
                    "fail": false,
                    "pending": false,
                    "code": "async function () {\n                await web.findElement(by.id('title')).sendKeys('交友聊天相亲招聘交流群')                                 //输入标题",
                    "err": {},
                    "isRoot": false,
                    "uuid": "26f2fc69-3bd1-4655-a1d4-8620d3d0c88d",
                    "parentUUID": "071fe622-e1b6-45a6-bf5a-3d3fe5618c37",
                    "isHook": false,
                    "skipped": false
                  },
                  {
                    "title": "输入正文",
                    "fullTitle": "用户登录发布话题并回复 发布话题 输入正文",
                    "timedOut": false,
                    "duration": 255,
                    "state": "passed",
                    "speed": "slow",
                    "pass": true,
                    "fail": false,
                    "pending": false,
                    "code": "async function () {\n                await web.findElement(by.css('.CodeMirror.cm-s-paper')).click()\n                let txt = web.findElement(by.xpath('//*[@id=\"create_topic_form\"]/fieldset/div/div/div[2]/div[6]/div[2]'))\n                await web.actions().mouseMove(txt).sendKeys(\"可以在楼下回复如：你好啊，交个朋友吧\").perform()",
                    "err": {},
                    "isRoot": false,
                    "uuid": "e558045b-6d6d-48e9-8a3f-0b7a17f018a1",
                    "parentUUID": "071fe622-e1b6-45a6-bf5a-3d3fe5618c37",
                    "isHook": false,
                    "skipped": false
                  },
                  {
                    "title": "添加网址链接",
                    "fullTitle": "用户登录发布话题并回复 发布话题 添加网址链接",
                    "timedOut": false,
                    "duration": 1583,
                    "state": "passed",
                    "speed": "slow",
                    "pass": true,
                    "fail": false,
                    "pending": false,
                    "code": "async function () {\n                //定位正文元素 位置并且输入文字\n                await web.findElement(by.className(\"eicon-link\")).click()\n                await web.sleep(1000)\n                await web.findElement(by.xpath('/html/body/div[4]/div[2]/form/div[1]/div/input')).sendKeys('百度')\n                await web.findElement(by.xpath('/html/body/div[4]/div[2]/form/div[2]/div/input')).sendKeys('www.baidu.com')\n                await web.findElement(by.className(\"btn btn-primary\")).click()",
                    "err": {},
                    "isRoot": false,
                    "uuid": "042cff31-6ecf-492d-b9c3-c9bdbf0c0199",
                    "parentUUID": "071fe622-e1b6-45a6-bf5a-3d3fe5618c37",
                    "isHook": false,
                    "skipped": false
                  },
                  {
                    "title": "添加图片",
                    "fullTitle": "用户登录发布话题并回复 发布话题 添加图片",
                    "timedOut": false,
                    "duration": 277,
                    "state": "passed",
                    "speed": "slow",
                    "pass": true,
                    "fail": false,
                    "pending": false,
                    "code": "async function () {\n                web.actions().mouseMove(web.findElement(by.css('.eicon-image'))).click().perform();\n                // await web.findElement(by.css('.eicon-image')).click()\n                await web.findElement(by.name('file')).sendKeys(picpath)",
                    "err": {},
                    "isRoot": false,
                    "uuid": "2ac30e5c-4060-460d-9240-7913481af4fc",
                    "parentUUID": "071fe622-e1b6-45a6-bf5a-3d3fe5618c37",
                    "isHook": false,
                    "skipped": false
                  },
                  {
                    "title": "点击提交",
                    "fullTitle": "用户登录发布话题并回复 发布话题 点击提交",
                    "timedOut": false,
                    "duration": 689,
                    "state": "passed",
                    "speed": "slow",
                    "pass": true,
                    "fail": false,
                    "pending": false,
                    "code": "async function () {\n                await web.findElement(by.className('CodeMirror cm-s-paper')).submit()",
                    "err": {},
                    "isRoot": false,
                    "uuid": "e02d83ef-ebb3-4fe8-9a8d-bb30ee5d014f",
                    "parentUUID": "071fe622-e1b6-45a6-bf5a-3d3fe5618c37",
                    "isHook": false,
                    "skipped": false
                  }
                ],
                "pending": [],
                "root": false,
                "_timeout": 20000,
                "file": "\\webTesk01.js",
                "uuid": "071fe622-e1b6-45a6-bf5a-3d3fe5618c37",
                "beforeHooks": [],
                "afterHooks": [],
                "fullFile": "D:\\AutoTest\\MyProject\\SeleniumWebTask\\webTesk01.js",
                "passes": [
                  {
                    "title": "点击发布话题进入编辑界面",
                    "fullTitle": "用户登录发布话题并回复 发布话题 点击发布话题进入编辑界面",
                    "timedOut": false,
                    "duration": 1302,
                    "state": "passed",
                    "speed": "slow",
                    "pass": true,
                    "fail": false,
                    "pending": false,
                    "code": "async function () {\n                await web.findElement(by.className('span-success')).click()",
                    "err": {},
                    "isRoot": false,
                    "uuid": "938729f1-ecd0-441c-927f-467dbfe8ec65",
                    "parentUUID": "071fe622-e1b6-45a6-bf5a-3d3fe5618c37",
                    "isHook": false,
                    "skipped": false
                  },
                  {
                    "title": "选择模块",
                    "fullTitle": "用户登录发布话题并回复 发布话题 选择模块",
                    "timedOut": false,
                    "duration": 321,
                    "state": "passed",
                    "speed": "slow",
                    "pass": true,
                    "fail": false,
                    "pending": false,
                    "code": "async function () {\n                await web.findElement(by.id('tab-value')).click()\n                await web.findElement(by.css('#tab-value > option:nth-child(2)')).click()    // //选择第二行的元素",
                    "err": {},
                    "isRoot": false,
                    "uuid": "595fc7dd-b398-4113-8727-d88e38ac365d",
                    "parentUUID": "071fe622-e1b6-45a6-bf5a-3d3fe5618c37",
                    "isHook": false,
                    "skipped": false
                  },
                  {
                    "title": "输入标题",
                    "fullTitle": "用户登录发布话题并回复 发布话题 输入标题",
                    "timedOut": false,
                    "duration": 151,
                    "state": "passed",
                    "speed": "slow",
                    "pass": true,
                    "fail": false,
                    "pending": false,
                    "code": "async function () {\n                await web.findElement(by.id('title')).sendKeys('交友聊天相亲招聘交流群')                                 //输入标题",
                    "err": {},
                    "isRoot": false,
                    "uuid": "26f2fc69-3bd1-4655-a1d4-8620d3d0c88d",
                    "parentUUID": "071fe622-e1b6-45a6-bf5a-3d3fe5618c37",
                    "isHook": false,
                    "skipped": false
                  },
                  {
                    "title": "输入正文",
                    "fullTitle": "用户登录发布话题并回复 发布话题 输入正文",
                    "timedOut": false,
                    "duration": 255,
                    "state": "passed",
                    "speed": "slow",
                    "pass": true,
                    "fail": false,
                    "pending": false,
                    "code": "async function () {\n                await web.findElement(by.css('.CodeMirror.cm-s-paper')).click()\n                let txt = web.findElement(by.xpath('//*[@id=\"create_topic_form\"]/fieldset/div/div/div[2]/div[6]/div[2]'))\n                await web.actions().mouseMove(txt).sendKeys(\"可以在楼下回复如：你好啊，交个朋友吧\").perform()",
                    "err": {},
                    "isRoot": false,
                    "uuid": "e558045b-6d6d-48e9-8a3f-0b7a17f018a1",
                    "parentUUID": "071fe622-e1b6-45a6-bf5a-3d3fe5618c37",
                    "isHook": false,
                    "skipped": false
                  },
                  {
                    "title": "添加网址链接",
                    "fullTitle": "用户登录发布话题并回复 发布话题 添加网址链接",
                    "timedOut": false,
                    "duration": 1583,
                    "state": "passed",
                    "speed": "slow",
                    "pass": true,
                    "fail": false,
                    "pending": false,
                    "code": "async function () {\n                //定位正文元素 位置并且输入文字\n                await web.findElement(by.className(\"eicon-link\")).click()\n                await web.sleep(1000)\n                await web.findElement(by.xpath('/html/body/div[4]/div[2]/form/div[1]/div/input')).sendKeys('百度')\n                await web.findElement(by.xpath('/html/body/div[4]/div[2]/form/div[2]/div/input')).sendKeys('www.baidu.com')\n                await web.findElement(by.className(\"btn btn-primary\")).click()",
                    "err": {},
                    "isRoot": false,
                    "uuid": "042cff31-6ecf-492d-b9c3-c9bdbf0c0199",
                    "parentUUID": "071fe622-e1b6-45a6-bf5a-3d3fe5618c37",
                    "isHook": false,
                    "skipped": false
                  },
                  {
                    "title": "添加图片",
                    "fullTitle": "用户登录发布话题并回复 发布话题 添加图片",
                    "timedOut": false,
                    "duration": 277,
                    "state": "passed",
                    "speed": "slow",
                    "pass": true,
                    "fail": false,
                    "pending": false,
                    "code": "async function () {\n                web.actions().mouseMove(web.findElement(by.css('.eicon-image'))).click().perform();\n                // await web.findElement(by.css('.eicon-image')).click()\n                await web.findElement(by.name('file')).sendKeys(picpath)",
                    "err": {},
                    "isRoot": false,
                    "uuid": "2ac30e5c-4060-460d-9240-7913481af4fc",
                    "parentUUID": "071fe622-e1b6-45a6-bf5a-3d3fe5618c37",
                    "isHook": false,
                    "skipped": false
                  },
                  {
                    "title": "点击提交",
                    "fullTitle": "用户登录发布话题并回复 发布话题 点击提交",
                    "timedOut": false,
                    "duration": 689,
                    "state": "passed",
                    "speed": "slow",
                    "pass": true,
                    "fail": false,
                    "pending": false,
                    "code": "async function () {\n                await web.findElement(by.className('CodeMirror cm-s-paper')).submit()",
                    "err": {},
                    "isRoot": false,
                    "uuid": "e02d83ef-ebb3-4fe8-9a8d-bb30ee5d014f",
                    "parentUUID": "071fe622-e1b6-45a6-bf5a-3d3fe5618c37",
                    "isHook": false,
                    "skipped": false
                  }
                ],
                "failures": [],
                "skipped": [],
                "hasBeforeHooks": false,
                "hasAfterHooks": false,
                "hasTests": true,
                "hasSuites": false,
                "totalTests": 7,
                "totalPasses": 7,
                "totalFailures": 0,
                "totalPending": 0,
                "totalSkipped": 0,
                "hasPasses": true,
                "hasFailures": false,
                "hasPending": false,
                "hasSkipped": false,
                "duration": 4578,
                "rootEmpty": false
              },
              {
                "title": "添加回复",
                "suites": [],
                "tests": [
                  {
                    "title": "进入回复编辑界面",
                    "fullTitle": "用户登录发布话题并回复 添加回复 进入回复编辑界面",
                    "timedOut": false,
                    "duration": 104,
                    "state": "passed",
                    "speed": "slow",
                    "pass": true,
                    "fail": false,
                    "pending": false,
                    "code": "async function () {\n                await web.findElement(by.css('.CodeMirror.cm-s-paper')).click()",
                    "err": {},
                    "isRoot": false,
                    "uuid": "e9fc8a06-0329-4361-a3aa-3a13aab196d4",
                    "parentUUID": "d9c581fe-953f-43c1-9361-6daac3afdda0",
                    "isHook": false,
                    "skipped": false
                  },
                  {
                    "title": "输入正文",
                    "fullTitle": "用户登录发布话题并回复 添加回复 输入正文",
                    "timedOut": false,
                    "duration": 82,
                    "state": "passed",
                    "speed": "slow",
                    "pass": true,
                    "fail": false,
                    "pending": false,
                    "code": "async function () {\n                let reply = web.findElement(by.xpath('//*[@id=\"reply_form\"]/div/div/div[2]/div[1]'))\n                await web.actions().mouseMove(reply).sendKeys(\"你好帅啊\").perform()",
                    "err": {},
                    "isRoot": false,
                    "uuid": "9a4b93df-5582-49f4-93f6-d3d486f86dcb",
                    "parentUUID": "d9c581fe-953f-43c1-9361-6daac3afdda0",
                    "isHook": false,
                    "skipped": false
                  },
                  {
                    "title": "添加图片",
                    "fullTitle": "用户登录发布话题并回复 添加回复 添加图片",
                    "timedOut": false,
                    "duration": 1148,
                    "state": "passed",
                    "speed": "slow",
                    "pass": true,
                    "fail": false,
                    "pending": false,
                    "code": "async function () {\n                await web.findElement(by.css('.eicon-image')).click()\n                await web.findElement(by.name('file')).sendKeys(path.join(__dirname, \"熊猫直播.png\"))\n                await web.sleep(1000)",
                    "err": {},
                    "isRoot": false,
                    "uuid": "7b6717c5-d00c-4cda-b1ac-d18b1ae9c5e8",
                    "parentUUID": "d9c581fe-953f-43c1-9361-6daac3afdda0",
                    "isHook": false,
                    "skipped": false
                  },
                  {
                    "title": "添加链接",
                    "fullTitle": "用户登录发布话题并回复 添加回复 添加链接",
                    "timedOut": false,
                    "duration": 1053,
                    "state": "passed",
                    "speed": "slow",
                    "pass": true,
                    "fail": false,
                    "pending": false,
                    "code": "async function () {\n                web.actions().mouseMove(web.findElement(by.className(\"eicon-link\"))).click().perform();\n                //await web.findElement(by.className(\"eicon-link\")).click()\n                await web.sleep(1000)",
                    "err": {},
                    "isRoot": false,
                    "uuid": "680a4658-55f9-4df0-a94e-99955f495384",
                    "parentUUID": "d9c581fe-953f-43c1-9361-6daac3afdda0",
                    "isHook": false,
                    "skipped": false
                  },
                  {
                    "title": "输入标题",
                    "fullTitle": "用户登录发布话题并回复 添加回复 输入标题",
                    "timedOut": false,
                    "duration": 80,
                    "state": "passed",
                    "speed": "slow",
                    "pass": true,
                    "fail": false,
                    "pending": false,
                    "code": "async function () {\n                await web.findElement(by.xpath('/html/body/div[4]/div[2]/form/div[1]/div/input')).sendKeys('新浪')",
                    "err": {},
                    "isRoot": false,
                    "uuid": "9b3a1ce0-ceb1-4486-9840-22ad77122b7b",
                    "parentUUID": "d9c581fe-953f-43c1-9361-6daac3afdda0",
                    "isHook": false,
                    "skipped": false
                  },
                  {
                    "title": "输入网址",
                    "fullTitle": "用户登录发布话题并回复 添加回复 输入网址",
                    "timedOut": false,
                    "duration": 1256,
                    "state": "passed",
                    "speed": "slow",
                    "pass": true,
                    "fail": false,
                    "pending": false,
                    "code": "async function () {\n                await web.findElement(by.xpath('/html/body/div[4]/div[2]/form/div[2]/div/input')).sendKeys('www.sina.com')\n                await web.findElement(by.className(\"btn btn-primary\")).click()\n                await web.sleep(1000)",
                    "err": {},
                    "isRoot": false,
                    "uuid": "fe926e25-6591-41c4-8830-10a9c363c780",
                    "parentUUID": "d9c581fe-953f-43c1-9361-6daac3afdda0",
                    "isHook": false,
                    "skipped": false
                  },
                  {
                    "title": "提交回复",
                    "fullTitle": "用户登录发布话题并回复 添加回复 提交回复",
                    "timedOut": false,
                    "duration": 807,
                    "state": "passed",
                    "speed": "slow",
                    "pass": true,
                    "fail": false,
                    "pending": false,
                    "code": "async function () {\n                await web.findElement(by.className('span-primary submit_btn')).click()",
                    "err": {},
                    "isRoot": false,
                    "uuid": "85eddf4f-1c51-4bac-8b5a-1c932cfae04e",
                    "parentUUID": "d9c581fe-953f-43c1-9361-6daac3afdda0",
                    "isHook": false,
                    "skipped": false
                  }
                ],
                "pending": [],
                "root": false,
                "_timeout": 120000,
                "file": "\\webTesk01.js",
                "uuid": "d9c581fe-953f-43c1-9361-6daac3afdda0",
                "beforeHooks": [],
                "afterHooks": [],
                "fullFile": "D:\\AutoTest\\MyProject\\SeleniumWebTask\\webTesk01.js",
                "passes": [
                  {
                    "title": "进入回复编辑界面",
                    "fullTitle": "用户登录发布话题并回复 添加回复 进入回复编辑界面",
                    "timedOut": false,
                    "duration": 104,
                    "state": "passed",
                    "speed": "slow",
                    "pass": true,
                    "fail": false,
                    "pending": false,
                    "code": "async function () {\n                await web.findElement(by.css('.CodeMirror.cm-s-paper')).click()",
                    "err": {},
                    "isRoot": false,
                    "uuid": "e9fc8a06-0329-4361-a3aa-3a13aab196d4",
                    "parentUUID": "d9c581fe-953f-43c1-9361-6daac3afdda0",
                    "isHook": false,
                    "skipped": false
                  },
                  {
                    "title": "输入正文",
                    "fullTitle": "用户登录发布话题并回复 添加回复 输入正文",
                    "timedOut": false,
                    "duration": 82,
                    "state": "passed",
                    "speed": "slow",
                    "pass": true,
                    "fail": false,
                    "pending": false,
                    "code": "async function () {\n                let reply = web.findElement(by.xpath('//*[@id=\"reply_form\"]/div/div/div[2]/div[1]'))\n                await web.actions().mouseMove(reply).sendKeys(\"你好帅啊\").perform()",
                    "err": {},
                    "isRoot": false,
                    "uuid": "9a4b93df-5582-49f4-93f6-d3d486f86dcb",
                    "parentUUID": "d9c581fe-953f-43c1-9361-6daac3afdda0",
                    "isHook": false,
                    "skipped": false
                  },
                  {
                    "title": "添加图片",
                    "fullTitle": "用户登录发布话题并回复 添加回复 添加图片",
                    "timedOut": false,
                    "duration": 1148,
                    "state": "passed",
                    "speed": "slow",
                    "pass": true,
                    "fail": false,
                    "pending": false,
                    "code": "async function () {\n                await web.findElement(by.css('.eicon-image')).click()\n                await web.findElement(by.name('file')).sendKeys(path.join(__dirname, \"熊猫直播.png\"))\n                await web.sleep(1000)",
                    "err": {},
                    "isRoot": false,
                    "uuid": "7b6717c5-d00c-4cda-b1ac-d18b1ae9c5e8",
                    "parentUUID": "d9c581fe-953f-43c1-9361-6daac3afdda0",
                    "isHook": false,
                    "skipped": false
                  },
                  {
                    "title": "添加链接",
                    "fullTitle": "用户登录发布话题并回复 添加回复 添加链接",
                    "timedOut": false,
                    "duration": 1053,
                    "state": "passed",
                    "speed": "slow",
                    "pass": true,
                    "fail": false,
                    "pending": false,
                    "code": "async function () {\n                web.actions().mouseMove(web.findElement(by.className(\"eicon-link\"))).click().perform();\n                //await web.findElement(by.className(\"eicon-link\")).click()\n                await web.sleep(1000)",
                    "err": {},
                    "isRoot": false,
                    "uuid": "680a4658-55f9-4df0-a94e-99955f495384",
                    "parentUUID": "d9c581fe-953f-43c1-9361-6daac3afdda0",
                    "isHook": false,
                    "skipped": false
                  },
                  {
                    "title": "输入标题",
                    "fullTitle": "用户登录发布话题并回复 添加回复 输入标题",
                    "timedOut": false,
                    "duration": 80,
                    "state": "passed",
                    "speed": "slow",
                    "pass": true,
                    "fail": false,
                    "pending": false,
                    "code": "async function () {\n                await web.findElement(by.xpath('/html/body/div[4]/div[2]/form/div[1]/div/input')).sendKeys('新浪')",
                    "err": {},
                    "isRoot": false,
                    "uuid": "9b3a1ce0-ceb1-4486-9840-22ad77122b7b",
                    "parentUUID": "d9c581fe-953f-43c1-9361-6daac3afdda0",
                    "isHook": false,
                    "skipped": false
                  },
                  {
                    "title": "输入网址",
                    "fullTitle": "用户登录发布话题并回复 添加回复 输入网址",
                    "timedOut": false,
                    "duration": 1256,
                    "state": "passed",
                    "speed": "slow",
                    "pass": true,
                    "fail": false,
                    "pending": false,
                    "code": "async function () {\n                await web.findElement(by.xpath('/html/body/div[4]/div[2]/form/div[2]/div/input')).sendKeys('www.sina.com')\n                await web.findElement(by.className(\"btn btn-primary\")).click()\n                await web.sleep(1000)",
                    "err": {},
                    "isRoot": false,
                    "uuid": "fe926e25-6591-41c4-8830-10a9c363c780",
                    "parentUUID": "d9c581fe-953f-43c1-9361-6daac3afdda0",
                    "isHook": false,
                    "skipped": false
                  },
                  {
                    "title": "提交回复",
                    "fullTitle": "用户登录发布话题并回复 添加回复 提交回复",
                    "timedOut": false,
                    "duration": 807,
                    "state": "passed",
                    "speed": "slow",
                    "pass": true,
                    "fail": false,
                    "pending": false,
                    "code": "async function () {\n                await web.findElement(by.className('span-primary submit_btn')).click()",
                    "err": {},
                    "isRoot": false,
                    "uuid": "85eddf4f-1c51-4bac-8b5a-1c932cfae04e",
                    "parentUUID": "d9c581fe-953f-43c1-9361-6daac3afdda0",
                    "isHook": false,
                    "skipped": false
                  }
                ],
                "failures": [],
                "skipped": [],
                "hasBeforeHooks": false,
                "hasAfterHooks": false,
                "hasTests": true,
                "hasSuites": false,
                "totalTests": 7,
                "totalPasses": 7,
                "totalFailures": 0,
                "totalPending": 0,
                "totalSkipped": 0,
                "hasPasses": true,
                "hasFailures": false,
                "hasPending": false,
                "hasSkipped": false,
                "duration": 4530,
                "rootEmpty": false
              }
            ],
            "tests": [],
            "pending": [],
            "root": false,
            "_timeout": 120000,
            "file": "\\webTesk01.js",
            "uuid": "df749d0e-2725-4ad9-a78c-0bb28c1508e1",
            "beforeHooks": [],
            "afterHooks": [],
            "fullFile": "D:\\AutoTest\\MyProject\\SeleniumWebTask\\webTesk01.js",
            "passes": [],
            "failures": [],
            "skipped": [],
            "hasBeforeHooks": false,
            "hasAfterHooks": false,
            "hasTests": false,
            "hasSuites": true,
            "totalTests": 0,
            "totalPasses": 0,
            "totalFailures": 0,
            "totalPending": 0,
            "totalSkipped": 0,
            "hasPasses": false,
            "hasFailures": false,
            "hasPending": false,
            "hasSkipped": false,
            "duration": 0,
            "rootEmpty": false
          }
        ],
        "tests": [],
        "pending": [],
        "root": false,
        "_timeout": 120000,
        "file": "\\webTesk01.js",
        "uuid": "617f6aa3-e358-4946-a0c6-31c26061ae2a",
        "beforeHooks": [
          {
            "title": "\"before all\" hook",
            "fullTitle": "hooks \"before all\" hook",
            "timedOut": false,
            "duration": 4812,
            "pass": false,
            "fail": false,
            "pending": false,
            "code": "// runs before all tests in this block\nconsole.log(\"before\")\nweb = new webdriver.Builder().forBrowser('chrome').setChromeOptions(new chrome.Options().headless()).build()\nreturn web.executeScript(function () {\n    return {\n        width: window.screen.width,\n        height: window.screen.height\n    };\n}).then(function (result) {\n    console.log(result.width)\n    console.log(result.height)\n    return web.manage().window().setSize(1366,768);\n})",
            "err": {},
            "isRoot": false,
            "uuid": "422fa989-4f07-4b4b-a95e-a5dcd9e13da8",
            "parentUUID": "617f6aa3-e358-4946-a0c6-31c26061ae2a",
            "isHook": true,
            "skipped": false
          },
          {
            "title": "\"before each\" hook",
            "fullTitle": "hooks \"before each\" hook",
            "timedOut": false,
            "duration": 0,
            "pass": false,
            "fail": false,
            "pending": false,
            "code": "",
            "err": {},
            "isRoot": false,
            "uuid": "c79905b3-5550-473f-8304-250a70c5a286",
            "parentUUID": "617f6aa3-e358-4946-a0c6-31c26061ae2a",
            "isHook": true,
            "skipped": false
          }
        ],
        "afterHooks": [
          {
            "title": "\"after all\" hook",
            "fullTitle": "hooks \"after all\" hook",
            "timedOut": false,
            "duration": 0,
            "pass": false,
            "fail": false,
            "pending": false,
            "code": "// runs after all tests in this block",
            "err": {},
            "isRoot": false,
            "uuid": "48b32109-6fa7-4a90-aa31-23becdd8daaf",
            "parentUUID": "617f6aa3-e358-4946-a0c6-31c26061ae2a",
            "isHook": true,
            "skipped": false
          },
          {
            "title": "\"after each\" hook",
            "fullTitle": "hooks \"after each\" hook",
            "timedOut": false,
            "duration": 465,
            "pass": false,
            "fail": false,
            "pending": false,
            "code": "// runs after each test in this block\n//在每一步完成后添加截图\nconsole.log(\"afterEach\")\nreturn web.takeScreenshot().then(function (screenshot) {\n   return  fs.writeFileSync(new Date().valueOf() + \".png\", screenshot, \"base64\")\n});",
            "err": {},
            "isRoot": false,
            "uuid": "ff7e1889-db0d-46a5-8e9f-9c36d3fb9f62",
            "parentUUID": "617f6aa3-e358-4946-a0c6-31c26061ae2a",
            "isHook": true,
            "skipped": false
          }
        ],
        "fullFile": "D:\\AutoTest\\MyProject\\SeleniumWebTask\\webTesk01.js",
        "passes": [],
        "failures": [],
        "skipped": [],
        "hasBeforeHooks": true,
        "hasAfterHooks": true,
        "hasTests": false,
        "hasSuites": true,
        "totalTests": 0,
        "totalPasses": 0,
        "totalFailures": 0,
        "totalPending": 0,
        "totalSkipped": 0,
        "hasPasses": false,
        "hasFailures": false,
        "hasPending": false,
        "hasSkipped": false,
        "duration": 0,
        "rootEmpty": false
      }
    ],
    "tests": [],
    "pending": [],
    "root": true,
    "_timeout": 2000,
    "uuid": "2201e8b4-6aa7-4bec-823d-5df99e9aad62",
    "beforeHooks": [],
    "afterHooks": [],
    "fullFile": "",
    "file": "",
    "passes": [],
    "failures": [],
    "skipped": [],
    "hasBeforeHooks": false,
    "hasAfterHooks": false,
    "hasTests": false,
    "hasSuites": true,
    "totalTests": 0,
    "totalPasses": 0,
    "totalFailures": 0,
    "totalPending": 0,
    "totalSkipped": 0,
    "hasPasses": false,
    "hasFailures": false,
    "hasPending": false,
    "hasSkipped": false,
    "duration": 0,
    "rootEmpty": true
  },
  "allTests": [
    {
      "title": "打开网站并最大化窗口",
      "fullTitle": "注册 打开网站并最大化窗口",
      "timedOut": false,
      "duration": 109,
      "state": "passed",
      "speed": "slow",
      "pass": true,
      "fail": false,
      "pending": false,
      "code": "return web.manage().window().maximize()",
      "err": {},
      "isRoot": false,
      "uuid": "e2f08e02-031d-4635-ba27-56f20792c081",
      "parentUUID": "58f418f6-d1f3-45ba-8877-6b9a220a50f3",
      "isHook": false,
      "skipped": false
    },
    {
      "title": "导航到登录页面",
      "fullTitle": "注册 导航到登录页面",
      "timedOut": false,
      "duration": 3150,
      "state": "passed",
      "speed": "slow",
      "pass": true,
      "fail": false,
      "pending": false,
      "code": "return web.get(\"http://192.168.198.129:3000\")",
      "err": {},
      "isRoot": false,
      "uuid": "372e0da8-b0a4-4f40-80ba-b02b2248fc12",
      "parentUUID": "58f418f6-d1f3-45ba-8877-6b9a220a50f3",
      "isHook": false,
      "skipped": false
    },
    {
      "title": "最大化窗口",
      "fullTitle": "注册 最大化窗口",
      "timedOut": false,
      "duration": 0,
      "state": "passed",
      "speed": "fast",
      "pass": true,
      "fail": false,
      "pending": false,
      "code": "async function () {\n                //await web.manage().window().maximize()",
      "err": {},
      "isRoot": false,
      "uuid": "10f7b0a5-c977-481c-9342-576878cf09b2",
      "parentUUID": "58f418f6-d1f3-45ba-8877-6b9a220a50f3",
      "isHook": false,
      "skipped": false
    },
    {
      "title": "点击注册按钮",
      "fullTitle": "注册 点击注册按钮",
      "timedOut": false,
      "duration": 622,
      "state": "passed",
      "speed": "slow",
      "pass": true,
      "fail": false,
      "pending": false,
      "code": "async function () {\n                await web.findElement(by.xpath('/html/body/div[1]/div/div/ul/li[5]/a')).click();\n                // await web.findElement(by.css('body > div.navbar > div > div > ul > li:nth-child(5) > a')).click()  // 注册按钮",
      "err": {},
      "isRoot": false,
      "uuid": "43e6cc79-9663-4bcd-8067-495b16fc3986",
      "parentUUID": "58f418f6-d1f3-45ba-8877-6b9a220a50f3",
      "isHook": false,
      "skipped": false
    },
    {
      "title": "输入用户名",
      "fullTitle": "注册 输入用户名",
      "timedOut": false,
      "duration": 163,
      "state": "passed",
      "speed": "slow",
      "pass": true,
      "fail": false,
      "pending": false,
      "code": "async function () {\n                await web.findElement(by.id('loginname')).sendKeys(sunny)",
      "err": {},
      "isRoot": false,
      "uuid": "edbbece6-9602-4ebf-9a82-d85b06b57e72",
      "parentUUID": "58f418f6-d1f3-45ba-8877-6b9a220a50f3",
      "isHook": false,
      "skipped": false
    },
    {
      "title": "输入密码并确认密码",
      "fullTitle": "注册 输入密码并确认密码",
      "timedOut": false,
      "duration": 207,
      "state": "passed",
      "speed": "slow",
      "pass": true,
      "fail": false,
      "pending": false,
      "code": "async function () {\n                await web.findElement(by.id('pass')).sendKeys('123456')\n                await web.findElement(by.id('re_pass')).sendKeys('123456')",
      "err": {},
      "isRoot": false,
      "uuid": "dafba55a-5868-4774-bb66-908078cc6a8f",
      "parentUUID": "58f418f6-d1f3-45ba-8877-6b9a220a50f3",
      "isHook": false,
      "skipped": false
    },
    {
      "title": "输入邮箱",
      "fullTitle": "注册 输入邮箱",
      "timedOut": false,
      "duration": 160,
      "state": "passed",
      "speed": "slow",
      "pass": true,
      "fail": false,
      "pending": false,
      "code": "async function () {\n                await web.findElement(by.id('email')).sendKeys(sunny + `@qq.com`)  // user+\"@domain.com\"",
      "err": {},
      "isRoot": false,
      "uuid": "bc5b69df-c059-4a30-a346-9127b73d737a",
      "parentUUID": "58f418f6-d1f3-45ba-8877-6b9a220a50f3",
      "isHook": false,
      "skipped": false
    },
    {
      "title": "点击注册并发送邮件",
      "fullTitle": "注册 点击注册并发送邮件",
      "timedOut": false,
      "duration": 941,
      "state": "passed",
      "speed": "slow",
      "pass": true,
      "fail": false,
      "pending": false,
      "code": "async function () {\n                await web.findElement(by.css('.span-primary')).click().then(function () {\n                    MongoClient.connect(url, function (err, db) {\n                        assert.equal(null, err);\n                        console.log(\"Connected correctly to server\");\n                        let collection = db.collection(\"users\")\n                        collection.find().toArray(\n                            function (err, docs) {\n                                assert.equal(null, err);\n                                // console.log(docs)\n                            }\n                        )\n                        collection.findOne({ name: `${sunny}` }, function (err, docs) {\n                            //console.log(docs.name)\n                            assert.equal(err, null)\n                            assert.equal(`${sunny}`, docs.name)\n                        })\n                        collection.updateOne({ name: `${sunny}` }, { $set: { \"active\": true } }, function (err, docs) {\n                            assert.equal(null, err);\n                            //console.log(docs)\n                        })\n                        db.close();\n                    });\n                })",
      "err": {},
      "isRoot": false,
      "uuid": "e1f53cdc-621c-4f17-8a70-3e32c68f85d1",
      "parentUUID": "58f418f6-d1f3-45ba-8877-6b9a220a50f3",
      "isHook": false,
      "skipped": false
    },
    {
      "title": "进入登录界面",
      "fullTitle": "登录 进入登录界面",
      "timedOut": false,
      "duration": 474,
      "state": "passed",
      "speed": "slow",
      "pass": true,
      "fail": false,
      "pending": false,
      "code": "async function () {\n                await web.findElement(by.css('body > div.navbar > div > div > ul > li:nth-child(6) > a')).click()",
      "err": {},
      "isRoot": false,
      "uuid": "b770369e-d5be-459a-b353-92ff14170a44",
      "parentUUID": "174a533e-2387-4ab8-a3ef-f22ba5923601",
      "isHook": false,
      "skipped": false
    },
    {
      "title": "输入账号",
      "fullTitle": "登录 输入账号",
      "timedOut": false,
      "duration": 108,
      "state": "passed",
      "speed": "slow",
      "pass": true,
      "fail": false,
      "pending": false,
      "code": "async function () {\n                await web.findElement(by.id('name')).sendKeys(\"xufeng\")",
      "err": {},
      "isRoot": false,
      "uuid": "614af876-8137-4359-b9bd-ffde501298da",
      "parentUUID": "174a533e-2387-4ab8-a3ef-f22ba5923601",
      "isHook": false,
      "skipped": false
    },
    {
      "title": "输入密码",
      "fullTitle": "登录 输入密码",
      "timedOut": false,
      "duration": 115,
      "state": "passed",
      "speed": "slow",
      "pass": true,
      "fail": false,
      "pending": false,
      "code": "async function () {\n                await web.findElement(by.id('pass')).sendKeys('xf13451082032')",
      "err": {},
      "isRoot": false,
      "uuid": "8f006535-8e66-48e4-b983-642d5745d0da",
      "parentUUID": "174a533e-2387-4ab8-a3ef-f22ba5923601",
      "isHook": false,
      "skipped": false
    },
    {
      "title": "点击登录",
      "fullTitle": "登录 点击登录",
      "timedOut": false,
      "duration": 903,
      "state": "passed",
      "speed": "slow",
      "pass": true,
      "fail": false,
      "pending": false,
      "code": "async function () {\n                await web.findElement(by.id('pass')).submit();",
      "err": {},
      "isRoot": false,
      "uuid": "52030ee5-fdfe-4863-bd6b-e1eae55ccfeb",
      "parentUUID": "174a533e-2387-4ab8-a3ef-f22ba5923601",
      "isHook": false,
      "skipped": false
    },
    {
      "title": "点击发布话题进入编辑界面",
      "fullTitle": "发布话题 点击发布话题进入编辑界面",
      "timedOut": false,
      "duration": 1302,
      "state": "passed",
      "speed": "slow",
      "pass": true,
      "fail": false,
      "pending": false,
      "code": "async function () {\n                await web.findElement(by.className('span-success')).click()",
      "err": {},
      "isRoot": false,
      "uuid": "938729f1-ecd0-441c-927f-467dbfe8ec65",
      "parentUUID": "071fe622-e1b6-45a6-bf5a-3d3fe5618c37",
      "isHook": false,
      "skipped": false
    },
    {
      "title": "选择模块",
      "fullTitle": "发布话题 选择模块",
      "timedOut": false,
      "duration": 321,
      "state": "passed",
      "speed": "slow",
      "pass": true,
      "fail": false,
      "pending": false,
      "code": "async function () {\n                await web.findElement(by.id('tab-value')).click()\n                await web.findElement(by.css('#tab-value > option:nth-child(2)')).click()    // //选择第二行的元素",
      "err": {},
      "isRoot": false,
      "uuid": "595fc7dd-b398-4113-8727-d88e38ac365d",
      "parentUUID": "071fe622-e1b6-45a6-bf5a-3d3fe5618c37",
      "isHook": false,
      "skipped": false
    },
    {
      "title": "输入标题",
      "fullTitle": "发布话题 输入标题",
      "timedOut": false,
      "duration": 151,
      "state": "passed",
      "speed": "slow",
      "pass": true,
      "fail": false,
      "pending": false,
      "code": "async function () {\n                await web.findElement(by.id('title')).sendKeys('交友聊天相亲招聘交流群')                                 //输入标题",
      "err": {},
      "isRoot": false,
      "uuid": "26f2fc69-3bd1-4655-a1d4-8620d3d0c88d",
      "parentUUID": "071fe622-e1b6-45a6-bf5a-3d3fe5618c37",
      "isHook": false,
      "skipped": false
    },
    {
      "title": "输入正文",
      "fullTitle": "发布话题 输入正文",
      "timedOut": false,
      "duration": 255,
      "state": "passed",
      "speed": "slow",
      "pass": true,
      "fail": false,
      "pending": false,
      "code": "async function () {\n                await web.findElement(by.css('.CodeMirror.cm-s-paper')).click()\n                let txt = web.findElement(by.xpath('//*[@id=\"create_topic_form\"]/fieldset/div/div/div[2]/div[6]/div[2]'))\n                await web.actions().mouseMove(txt).sendKeys(\"可以在楼下回复如：你好啊，交个朋友吧\").perform()",
      "err": {},
      "isRoot": false,
      "uuid": "e558045b-6d6d-48e9-8a3f-0b7a17f018a1",
      "parentUUID": "071fe622-e1b6-45a6-bf5a-3d3fe5618c37",
      "isHook": false,
      "skipped": false
    },
    {
      "title": "添加网址链接",
      "fullTitle": "发布话题 添加网址链接",
      "timedOut": false,
      "duration": 1583,
      "state": "passed",
      "speed": "slow",
      "pass": true,
      "fail": false,
      "pending": false,
      "code": "async function () {\n                //定位正文元素 位置并且输入文字\n                await web.findElement(by.className(\"eicon-link\")).click()\n                await web.sleep(1000)\n                await web.findElement(by.xpath('/html/body/div[4]/div[2]/form/div[1]/div/input')).sendKeys('百度')\n                await web.findElement(by.xpath('/html/body/div[4]/div[2]/form/div[2]/div/input')).sendKeys('www.baidu.com')\n                await web.findElement(by.className(\"btn btn-primary\")).click()",
      "err": {},
      "isRoot": false,
      "uuid": "042cff31-6ecf-492d-b9c3-c9bdbf0c0199",
      "parentUUID": "071fe622-e1b6-45a6-bf5a-3d3fe5618c37",
      "isHook": false,
      "skipped": false
    },
    {
      "title": "添加图片",
      "fullTitle": "发布话题 添加图片",
      "timedOut": false,
      "duration": 277,
      "state": "passed",
      "speed": "slow",
      "pass": true,
      "fail": false,
      "pending": false,
      "code": "async function () {\n                web.actions().mouseMove(web.findElement(by.css('.eicon-image'))).click().perform();\n                // await web.findElement(by.css('.eicon-image')).click()\n                await web.findElement(by.name('file')).sendKeys(picpath)",
      "err": {},
      "isRoot": false,
      "uuid": "2ac30e5c-4060-460d-9240-7913481af4fc",
      "parentUUID": "071fe622-e1b6-45a6-bf5a-3d3fe5618c37",
      "isHook": false,
      "skipped": false
    },
    {
      "title": "点击提交",
      "fullTitle": "发布话题 点击提交",
      "timedOut": false,
      "duration": 689,
      "state": "passed",
      "speed": "slow",
      "pass": true,
      "fail": false,
      "pending": false,
      "code": "async function () {\n                await web.findElement(by.className('CodeMirror cm-s-paper')).submit()",
      "err": {},
      "isRoot": false,
      "uuid": "e02d83ef-ebb3-4fe8-9a8d-bb30ee5d014f",
      "parentUUID": "071fe622-e1b6-45a6-bf5a-3d3fe5618c37",
      "isHook": false,
      "skipped": false
    },
    {
      "title": "进入回复编辑界面",
      "fullTitle": "添加回复 进入回复编辑界面",
      "timedOut": false,
      "duration": 104,
      "state": "passed",
      "speed": "slow",
      "pass": true,
      "fail": false,
      "pending": false,
      "code": "async function () {\n                await web.findElement(by.css('.CodeMirror.cm-s-paper')).click()",
      "err": {},
      "isRoot": false,
      "uuid": "e9fc8a06-0329-4361-a3aa-3a13aab196d4",
      "parentUUID": "d9c581fe-953f-43c1-9361-6daac3afdda0",
      "isHook": false,
      "skipped": false
    },
    {
      "title": "输入正文",
      "fullTitle": "添加回复 输入正文",
      "timedOut": false,
      "duration": 82,
      "state": "passed",
      "speed": "slow",
      "pass": true,
      "fail": false,
      "pending": false,
      "code": "async function () {\n                let reply = web.findElement(by.xpath('//*[@id=\"reply_form\"]/div/div/div[2]/div[1]'))\n                await web.actions().mouseMove(reply).sendKeys(\"你好帅啊\").perform()",
      "err": {},
      "isRoot": false,
      "uuid": "9a4b93df-5582-49f4-93f6-d3d486f86dcb",
      "parentUUID": "d9c581fe-953f-43c1-9361-6daac3afdda0",
      "isHook": false,
      "skipped": false
    },
    {
      "title": "添加图片",
      "fullTitle": "添加回复 添加图片",
      "timedOut": false,
      "duration": 1148,
      "state": "passed",
      "speed": "slow",
      "pass": true,
      "fail": false,
      "pending": false,
      "code": "async function () {\n                await web.findElement(by.css('.eicon-image')).click()\n                await web.findElement(by.name('file')).sendKeys(path.join(__dirname, \"熊猫直播.png\"))\n                await web.sleep(1000)",
      "err": {},
      "isRoot": false,
      "uuid": "7b6717c5-d00c-4cda-b1ac-d18b1ae9c5e8",
      "parentUUID": "d9c581fe-953f-43c1-9361-6daac3afdda0",
      "isHook": false,
      "skipped": false
    },
    {
      "title": "添加链接",
      "fullTitle": "添加回复 添加链接",
      "timedOut": false,
      "duration": 1053,
      "state": "passed",
      "speed": "slow",
      "pass": true,
      "fail": false,
      "pending": false,
      "code": "async function () {\n                web.actions().mouseMove(web.findElement(by.className(\"eicon-link\"))).click().perform();\n                //await web.findElement(by.className(\"eicon-link\")).click()\n                await web.sleep(1000)",
      "err": {},
      "isRoot": false,
      "uuid": "680a4658-55f9-4df0-a94e-99955f495384",
      "parentUUID": "d9c581fe-953f-43c1-9361-6daac3afdda0",
      "isHook": false,
      "skipped": false
    },
    {
      "title": "输入标题",
      "fullTitle": "添加回复 输入标题",
      "timedOut": false,
      "duration": 80,
      "state": "passed",
      "speed": "slow",
      "pass": true,
      "fail": false,
      "pending": false,
      "code": "async function () {\n                await web.findElement(by.xpath('/html/body/div[4]/div[2]/form/div[1]/div/input')).sendKeys('新浪')",
      "err": {},
      "isRoot": false,
      "uuid": "9b3a1ce0-ceb1-4486-9840-22ad77122b7b",
      "parentUUID": "d9c581fe-953f-43c1-9361-6daac3afdda0",
      "isHook": false,
      "skipped": false
    },
    {
      "title": "输入网址",
      "fullTitle": "添加回复 输入网址",
      "timedOut": false,
      "duration": 1256,
      "state": "passed",
      "speed": "slow",
      "pass": true,
      "fail": false,
      "pending": false,
      "code": "async function () {\n                await web.findElement(by.xpath('/html/body/div[4]/div[2]/form/div[2]/div/input')).sendKeys('www.sina.com')\n                await web.findElement(by.className(\"btn btn-primary\")).click()\n                await web.sleep(1000)",
      "err": {},
      "isRoot": false,
      "uuid": "fe926e25-6591-41c4-8830-10a9c363c780",
      "parentUUID": "d9c581fe-953f-43c1-9361-6daac3afdda0",
      "isHook": false,
      "skipped": false
    },
    {
      "title": "提交回复",
      "fullTitle": "添加回复 提交回复",
      "timedOut": false,
      "duration": 807,
      "state": "passed",
      "speed": "slow",
      "pass": true,
      "fail": false,
      "pending": false,
      "code": "async function () {\n                await web.findElement(by.className('span-primary submit_btn')).click()",
      "err": {},
      "isRoot": false,
      "uuid": "85eddf4f-1c51-4bac-8b5a-1c932cfae04e",
      "parentUUID": "d9c581fe-953f-43c1-9361-6daac3afdda0",
      "isHook": false,
      "skipped": false
    }
  ],
  "allPending": [],
  "allPasses": [
    {
      "title": "打开网站并最大化窗口",
      "fullTitle": "注册 打开网站并最大化窗口",
      "timedOut": false,
      "duration": 109,
      "state": "passed",
      "speed": "slow",
      "pass": true,
      "fail": false,
      "pending": false,
      "code": "return web.manage().window().maximize()",
      "err": {},
      "isRoot": false,
      "uuid": "e2f08e02-031d-4635-ba27-56f20792c081",
      "parentUUID": "58f418f6-d1f3-45ba-8877-6b9a220a50f3",
      "isHook": false,
      "skipped": false
    },
    {
      "title": "导航到登录页面",
      "fullTitle": "注册 导航到登录页面",
      "timedOut": false,
      "duration": 3150,
      "state": "passed",
      "speed": "slow",
      "pass": true,
      "fail": false,
      "pending": false,
      "code": "return web.get(\"http://192.168.198.129:3000\")",
      "err": {},
      "isRoot": false,
      "uuid": "372e0da8-b0a4-4f40-80ba-b02b2248fc12",
      "parentUUID": "58f418f6-d1f3-45ba-8877-6b9a220a50f3",
      "isHook": false,
      "skipped": false
    },
    {
      "title": "最大化窗口",
      "fullTitle": "注册 最大化窗口",
      "timedOut": false,
      "duration": 0,
      "state": "passed",
      "speed": "fast",
      "pass": true,
      "fail": false,
      "pending": false,
      "code": "async function () {\n                //await web.manage().window().maximize()",
      "err": {},
      "isRoot": false,
      "uuid": "10f7b0a5-c977-481c-9342-576878cf09b2",
      "parentUUID": "58f418f6-d1f3-45ba-8877-6b9a220a50f3",
      "isHook": false,
      "skipped": false
    },
    {
      "title": "点击注册按钮",
      "fullTitle": "注册 点击注册按钮",
      "timedOut": false,
      "duration": 622,
      "state": "passed",
      "speed": "slow",
      "pass": true,
      "fail": false,
      "pending": false,
      "code": "async function () {\n                await web.findElement(by.xpath('/html/body/div[1]/div/div/ul/li[5]/a')).click();\n                // await web.findElement(by.css('body > div.navbar > div > div > ul > li:nth-child(5) > a')).click()  // 注册按钮",
      "err": {},
      "isRoot": false,
      "uuid": "43e6cc79-9663-4bcd-8067-495b16fc3986",
      "parentUUID": "58f418f6-d1f3-45ba-8877-6b9a220a50f3",
      "isHook": false,
      "skipped": false
    },
    {
      "title": "输入用户名",
      "fullTitle": "注册 输入用户名",
      "timedOut": false,
      "duration": 163,
      "state": "passed",
      "speed": "slow",
      "pass": true,
      "fail": false,
      "pending": false,
      "code": "async function () {\n                await web.findElement(by.id('loginname')).sendKeys(sunny)",
      "err": {},
      "isRoot": false,
      "uuid": "edbbece6-9602-4ebf-9a82-d85b06b57e72",
      "parentUUID": "58f418f6-d1f3-45ba-8877-6b9a220a50f3",
      "isHook": false,
      "skipped": false
    },
    {
      "title": "输入密码并确认密码",
      "fullTitle": "注册 输入密码并确认密码",
      "timedOut": false,
      "duration": 207,
      "state": "passed",
      "speed": "slow",
      "pass": true,
      "fail": false,
      "pending": false,
      "code": "async function () {\n                await web.findElement(by.id('pass')).sendKeys('123456')\n                await web.findElement(by.id('re_pass')).sendKeys('123456')",
      "err": {},
      "isRoot": false,
      "uuid": "dafba55a-5868-4774-bb66-908078cc6a8f",
      "parentUUID": "58f418f6-d1f3-45ba-8877-6b9a220a50f3",
      "isHook": false,
      "skipped": false
    },
    {
      "title": "输入邮箱",
      "fullTitle": "注册 输入邮箱",
      "timedOut": false,
      "duration": 160,
      "state": "passed",
      "speed": "slow",
      "pass": true,
      "fail": false,
      "pending": false,
      "code": "async function () {\n                await web.findElement(by.id('email')).sendKeys(sunny + `@qq.com`)  // user+\"@domain.com\"",
      "err": {},
      "isRoot": false,
      "uuid": "bc5b69df-c059-4a30-a346-9127b73d737a",
      "parentUUID": "58f418f6-d1f3-45ba-8877-6b9a220a50f3",
      "isHook": false,
      "skipped": false
    },
    {
      "title": "点击注册并发送邮件",
      "fullTitle": "注册 点击注册并发送邮件",
      "timedOut": false,
      "duration": 941,
      "state": "passed",
      "speed": "slow",
      "pass": true,
      "fail": false,
      "pending": false,
      "code": "async function () {\n                await web.findElement(by.css('.span-primary')).click().then(function () {\n                    MongoClient.connect(url, function (err, db) {\n                        assert.equal(null, err);\n                        console.log(\"Connected correctly to server\");\n                        let collection = db.collection(\"users\")\n                        collection.find().toArray(\n                            function (err, docs) {\n                                assert.equal(null, err);\n                                // console.log(docs)\n                            }\n                        )\n                        collection.findOne({ name: `${sunny}` }, function (err, docs) {\n                            //console.log(docs.name)\n                            assert.equal(err, null)\n                            assert.equal(`${sunny}`, docs.name)\n                        })\n                        collection.updateOne({ name: `${sunny}` }, { $set: { \"active\": true } }, function (err, docs) {\n                            assert.equal(null, err);\n                            //console.log(docs)\n                        })\n                        db.close();\n                    });\n                })",
      "err": {},
      "isRoot": false,
      "uuid": "e1f53cdc-621c-4f17-8a70-3e32c68f85d1",
      "parentUUID": "58f418f6-d1f3-45ba-8877-6b9a220a50f3",
      "isHook": false,
      "skipped": false
    },
    {
      "title": "进入登录界面",
      "fullTitle": "登录 进入登录界面",
      "timedOut": false,
      "duration": 474,
      "state": "passed",
      "speed": "slow",
      "pass": true,
      "fail": false,
      "pending": false,
      "code": "async function () {\n                await web.findElement(by.css('body > div.navbar > div > div > ul > li:nth-child(6) > a')).click()",
      "err": {},
      "isRoot": false,
      "uuid": "b770369e-d5be-459a-b353-92ff14170a44",
      "parentUUID": "174a533e-2387-4ab8-a3ef-f22ba5923601",
      "isHook": false,
      "skipped": false
    },
    {
      "title": "输入账号",
      "fullTitle": "登录 输入账号",
      "timedOut": false,
      "duration": 108,
      "state": "passed",
      "speed": "slow",
      "pass": true,
      "fail": false,
      "pending": false,
      "code": "async function () {\n                await web.findElement(by.id('name')).sendKeys(\"xufeng\")",
      "err": {},
      "isRoot": false,
      "uuid": "614af876-8137-4359-b9bd-ffde501298da",
      "parentUUID": "174a533e-2387-4ab8-a3ef-f22ba5923601",
      "isHook": false,
      "skipped": false
    },
    {
      "title": "输入密码",
      "fullTitle": "登录 输入密码",
      "timedOut": false,
      "duration": 115,
      "state": "passed",
      "speed": "slow",
      "pass": true,
      "fail": false,
      "pending": false,
      "code": "async function () {\n                await web.findElement(by.id('pass')).sendKeys('xf13451082032')",
      "err": {},
      "isRoot": false,
      "uuid": "8f006535-8e66-48e4-b983-642d5745d0da",
      "parentUUID": "174a533e-2387-4ab8-a3ef-f22ba5923601",
      "isHook": false,
      "skipped": false
    },
    {
      "title": "点击登录",
      "fullTitle": "登录 点击登录",
      "timedOut": false,
      "duration": 903,
      "state": "passed",
      "speed": "slow",
      "pass": true,
      "fail": false,
      "pending": false,
      "code": "async function () {\n                await web.findElement(by.id('pass')).submit();",
      "err": {},
      "isRoot": false,
      "uuid": "52030ee5-fdfe-4863-bd6b-e1eae55ccfeb",
      "parentUUID": "174a533e-2387-4ab8-a3ef-f22ba5923601",
      "isHook": false,
      "skipped": false
    },
    {
      "title": "点击发布话题进入编辑界面",
      "fullTitle": "发布话题 点击发布话题进入编辑界面",
      "timedOut": false,
      "duration": 1302,
      "state": "passed",
      "speed": "slow",
      "pass": true,
      "fail": false,
      "pending": false,
      "code": "async function () {\n                await web.findElement(by.className('span-success')).click()",
      "err": {},
      "isRoot": false,
      "uuid": "938729f1-ecd0-441c-927f-467dbfe8ec65",
      "parentUUID": "071fe622-e1b6-45a6-bf5a-3d3fe5618c37",
      "isHook": false,
      "skipped": false
    },
    {
      "title": "选择模块",
      "fullTitle": "发布话题 选择模块",
      "timedOut": false,
      "duration": 321,
      "state": "passed",
      "speed": "slow",
      "pass": true,
      "fail": false,
      "pending": false,
      "code": "async function () {\n                await web.findElement(by.id('tab-value')).click()\n                await web.findElement(by.css('#tab-value > option:nth-child(2)')).click()    // //选择第二行的元素",
      "err": {},
      "isRoot": false,
      "uuid": "595fc7dd-b398-4113-8727-d88e38ac365d",
      "parentUUID": "071fe622-e1b6-45a6-bf5a-3d3fe5618c37",
      "isHook": false,
      "skipped": false
    },
    {
      "title": "输入标题",
      "fullTitle": "发布话题 输入标题",
      "timedOut": false,
      "duration": 151,
      "state": "passed",
      "speed": "slow",
      "pass": true,
      "fail": false,
      "pending": false,
      "code": "async function () {\n                await web.findElement(by.id('title')).sendKeys('交友聊天相亲招聘交流群')                                 //输入标题",
      "err": {},
      "isRoot": false,
      "uuid": "26f2fc69-3bd1-4655-a1d4-8620d3d0c88d",
      "parentUUID": "071fe622-e1b6-45a6-bf5a-3d3fe5618c37",
      "isHook": false,
      "skipped": false
    },
    {
      "title": "输入正文",
      "fullTitle": "发布话题 输入正文",
      "timedOut": false,
      "duration": 255,
      "state": "passed",
      "speed": "slow",
      "pass": true,
      "fail": false,
      "pending": false,
      "code": "async function () {\n                await web.findElement(by.css('.CodeMirror.cm-s-paper')).click()\n                let txt = web.findElement(by.xpath('//*[@id=\"create_topic_form\"]/fieldset/div/div/div[2]/div[6]/div[2]'))\n                await web.actions().mouseMove(txt).sendKeys(\"可以在楼下回复如：你好啊，交个朋友吧\").perform()",
      "err": {},
      "isRoot": false,
      "uuid": "e558045b-6d6d-48e9-8a3f-0b7a17f018a1",
      "parentUUID": "071fe622-e1b6-45a6-bf5a-3d3fe5618c37",
      "isHook": false,
      "skipped": false
    },
    {
      "title": "添加网址链接",
      "fullTitle": "发布话题 添加网址链接",
      "timedOut": false,
      "duration": 1583,
      "state": "passed",
      "speed": "slow",
      "pass": true,
      "fail": false,
      "pending": false,
      "code": "async function () {\n                //定位正文元素 位置并且输入文字\n                await web.findElement(by.className(\"eicon-link\")).click()\n                await web.sleep(1000)\n                await web.findElement(by.xpath('/html/body/div[4]/div[2]/form/div[1]/div/input')).sendKeys('百度')\n                await web.findElement(by.xpath('/html/body/div[4]/div[2]/form/div[2]/div/input')).sendKeys('www.baidu.com')\n                await web.findElement(by.className(\"btn btn-primary\")).click()",
      "err": {},
      "isRoot": false,
      "uuid": "042cff31-6ecf-492d-b9c3-c9bdbf0c0199",
      "parentUUID": "071fe622-e1b6-45a6-bf5a-3d3fe5618c37",
      "isHook": false,
      "skipped": false
    },
    {
      "title": "添加图片",
      "fullTitle": "发布话题 添加图片",
      "timedOut": false,
      "duration": 277,
      "state": "passed",
      "speed": "slow",
      "pass": true,
      "fail": false,
      "pending": false,
      "code": "async function () {\n                web.actions().mouseMove(web.findElement(by.css('.eicon-image'))).click().perform();\n                // await web.findElement(by.css('.eicon-image')).click()\n                await web.findElement(by.name('file')).sendKeys(picpath)",
      "err": {},
      "isRoot": false,
      "uuid": "2ac30e5c-4060-460d-9240-7913481af4fc",
      "parentUUID": "071fe622-e1b6-45a6-bf5a-3d3fe5618c37",
      "isHook": false,
      "skipped": false
    },
    {
      "title": "点击提交",
      "fullTitle": "发布话题 点击提交",
      "timedOut": false,
      "duration": 689,
      "state": "passed",
      "speed": "slow",
      "pass": true,
      "fail": false,
      "pending": false,
      "code": "async function () {\n                await web.findElement(by.className('CodeMirror cm-s-paper')).submit()",
      "err": {},
      "isRoot": false,
      "uuid": "e02d83ef-ebb3-4fe8-9a8d-bb30ee5d014f",
      "parentUUID": "071fe622-e1b6-45a6-bf5a-3d3fe5618c37",
      "isHook": false,
      "skipped": false
    },
    {
      "title": "进入回复编辑界面",
      "fullTitle": "添加回复 进入回复编辑界面",
      "timedOut": false,
      "duration": 104,
      "state": "passed",
      "speed": "slow",
      "pass": true,
      "fail": false,
      "pending": false,
      "code": "async function () {\n                await web.findElement(by.css('.CodeMirror.cm-s-paper')).click()",
      "err": {},
      "isRoot": false,
      "uuid": "e9fc8a06-0329-4361-a3aa-3a13aab196d4",
      "parentUUID": "d9c581fe-953f-43c1-9361-6daac3afdda0",
      "isHook": false,
      "skipped": false
    },
    {
      "title": "输入正文",
      "fullTitle": "添加回复 输入正文",
      "timedOut": false,
      "duration": 82,
      "state": "passed",
      "speed": "slow",
      "pass": true,
      "fail": false,
      "pending": false,
      "code": "async function () {\n                let reply = web.findElement(by.xpath('//*[@id=\"reply_form\"]/div/div/div[2]/div[1]'))\n                await web.actions().mouseMove(reply).sendKeys(\"你好帅啊\").perform()",
      "err": {},
      "isRoot": false,
      "uuid": "9a4b93df-5582-49f4-93f6-d3d486f86dcb",
      "parentUUID": "d9c581fe-953f-43c1-9361-6daac3afdda0",
      "isHook": false,
      "skipped": false
    },
    {
      "title": "添加图片",
      "fullTitle": "添加回复 添加图片",
      "timedOut": false,
      "duration": 1148,
      "state": "passed",
      "speed": "slow",
      "pass": true,
      "fail": false,
      "pending": false,
      "code": "async function () {\n                await web.findElement(by.css('.eicon-image')).click()\n                await web.findElement(by.name('file')).sendKeys(path.join(__dirname, \"熊猫直播.png\"))\n                await web.sleep(1000)",
      "err": {},
      "isRoot": false,
      "uuid": "7b6717c5-d00c-4cda-b1ac-d18b1ae9c5e8",
      "parentUUID": "d9c581fe-953f-43c1-9361-6daac3afdda0",
      "isHook": false,
      "skipped": false
    },
    {
      "title": "添加链接",
      "fullTitle": "添加回复 添加链接",
      "timedOut": false,
      "duration": 1053,
      "state": "passed",
      "speed": "slow",
      "pass": true,
      "fail": false,
      "pending": false,
      "code": "async function () {\n                web.actions().mouseMove(web.findElement(by.className(\"eicon-link\"))).click().perform();\n                //await web.findElement(by.className(\"eicon-link\")).click()\n                await web.sleep(1000)",
      "err": {},
      "isRoot": false,
      "uuid": "680a4658-55f9-4df0-a94e-99955f495384",
      "parentUUID": "d9c581fe-953f-43c1-9361-6daac3afdda0",
      "isHook": false,
      "skipped": false
    },
    {
      "title": "输入标题",
      "fullTitle": "添加回复 输入标题",
      "timedOut": false,
      "duration": 80,
      "state": "passed",
      "speed": "slow",
      "pass": true,
      "fail": false,
      "pending": false,
      "code": "async function () {\n                await web.findElement(by.xpath('/html/body/div[4]/div[2]/form/div[1]/div/input')).sendKeys('新浪')",
      "err": {},
      "isRoot": false,
      "uuid": "9b3a1ce0-ceb1-4486-9840-22ad77122b7b",
      "parentUUID": "d9c581fe-953f-43c1-9361-6daac3afdda0",
      "isHook": false,
      "skipped": false
    },
    {
      "title": "输入网址",
      "fullTitle": "添加回复 输入网址",
      "timedOut": false,
      "duration": 1256,
      "state": "passed",
      "speed": "slow",
      "pass": true,
      "fail": false,
      "pending": false,
      "code": "async function () {\n                await web.findElement(by.xpath('/html/body/div[4]/div[2]/form/div[2]/div/input')).sendKeys('www.sina.com')\n                await web.findElement(by.className(\"btn btn-primary\")).click()\n                await web.sleep(1000)",
      "err": {},
      "isRoot": false,
      "uuid": "fe926e25-6591-41c4-8830-10a9c363c780",
      "parentUUID": "d9c581fe-953f-43c1-9361-6daac3afdda0",
      "isHook": false,
      "skipped": false
    },
    {
      "title": "提交回复",
      "fullTitle": "添加回复 提交回复",
      "timedOut": false,
      "duration": 807,
      "state": "passed",
      "speed": "slow",
      "pass": true,
      "fail": false,
      "pending": false,
      "code": "async function () {\n                await web.findElement(by.className('span-primary submit_btn')).click()",
      "err": {},
      "isRoot": false,
      "uuid": "85eddf4f-1c51-4bac-8b5a-1c932cfae04e",
      "parentUUID": "d9c581fe-953f-43c1-9361-6daac3afdda0",
      "isHook": false,
      "skipped": false
    }
  ],
  "allFailures": [],
  "copyrightYear": 2017
}